1602306774568	geckodriver	INFO	Listening on 127.0.0.1:58199
1602306777658	mozrunner::runner	INFO	Running command: "C:\\Program Files\\Mozilla Firefox\\firefox.exe" "--marionette" "-foreground" "-no-remote" "-profile" "C:\\Users\\JOO~1\\AppData\\Local\\Temp\\rust_mozprofileTLpMmm"
1602306791144	geckodriver	INFO	Listening on 127.0.0.1:58240
1602306794182	mozrunner::runner	INFO	Running command: "C:\\Program Files\\Mozilla Firefox\\firefox.exe" "--marionette" "-foreground" "-no-remote" "-profile" "C:\\Users\\JOO~1\\AppData\\Local\\Temp\\rust_mozprofileJUaU95"
1602306815034	geckodriver	INFO	Listening on 127.0.0.1:58306
1602306818073	mozrunner::runner	INFO	Running command: "C:\\Program Files\\Mozilla Firefox\\firefox.exe" "--marionette" "-foreground" "-no-remote" "-profile" "C:\\Users\\JOO~1\\AppData\\Local\\Temp\\rust_mozprofilezbH3x9"
JavaScript error: resource://gre/modules/XULStore.jsm, line 66: Error: Can't find profile directory.
console.error: SearchCache: "_readCacheFile: Error reading cache file:" (new Error("", "(unknown module)"))
1602306821857	Marionette	INFO	Listening on port 58314
1602306854915	Marionette	INFO	Stopped listening on port 58314

###!!! [Child][MessageChannel::SendAndWait] Error: Channel error: cannot send/recv

"-profile" "C:\\Users\\JOO~1\\AppData\\Local\\Temp\\rust_mozprofileogIhKU"
JavaScript error: resource://gre/modules/XULStore.jsm, line 66: Error: Can't find profile directory.
console.error: SearchCache: "_readCacheFile: Error reading cache file:" (new Error("", "(unknown module)"))
1602306827276	Marionette	INFO	Listening on port 58352
1602306827723	Marionette	WARN	TLS certificate errors will be ignored for this session
1602306847628	Marionette	INFO	Stopped listening on port 58352

###!!! [Child][RunMessage] Error: Channel closing: too late to send/recv, messages will be lost


###!!! [Child][MessageChannel::SendAndWait] Error: Channel error: cannot send/recv

1602306869665	geckodriver	INFO	Listening on 127.0.0.1:58417
1602306872702	mozrunner::runner	INFO	Running command: "C:\\Program Files\\Mozilla Firefox\\firefox.exe" "--marionette" "-foreground" "-no-remote" "-profile" "C:\\Users\\JOO~1\\AppData\\Local\\Temp\\rust_mozprofile103byY"
JavaScript error: resource://gre/modules/XULStore.jsm, line 66: Error: Can't find profile directory.
console.error: SearchCache: "_readCacheFile: Error reading cache file:" (new Error("", "(unknown module)"))
1602306875780	Marionette	INFO	Listening on port 58425
1602306875831	Marionette	WARN	TLS certificate errors will be ignored for this session
1602306880887	Marionette	INFO	Stopped listening on port 58425

###!!! [Child][RunMessage] Error: Channel closing: too late to send/recv, messages will be lost

[Parent 2920, Gecko_IOThread] WARNING: pipe error: 232: file /builds/worker/checkouts/gecko/ipc/chromium/src/chrome/common/ipc_channel_win.cc, line 545
1602306902990	geckodriver	INFO	Listening on 127.0.0.1:58484
1602306906067	mozrunner::runner	INFO	Running command: "C:\\Program Files\\Mozilla Firefox\\firefox.exe" "--marionette" "-foreground" "-no-remote" "-profile" "C:\\Users\\JOO~1\\AppData\\Local\\Temp\\rust_mozprofilenus6Wq"
JavaScript error: resource://gre/modules/XULStore.jsm, line 66: Error: Can't find profile directory.
console.error: SearchCache: "_readCacheFile: Error reading cache file:" (new Error("", "(unknown module)"))
1602306909341	Marionette	INFO	Listening on port 58492
1602306909719	Marionette	WARN	TLS certificate errors will be ignored for this session
1602306967553	Marionette	INFO	Stopped listening on port 58492

###!!! [Child][MessageChannel::SendAndWait] Error: Channel error: cannot send/recv

firefox.exe" "--marionette" "-foreground" "-no-remote" "-profile" "C:\\Users\\JOO~1\\AppData\\Local\\Temp\\rust_mozprofile5044bu"
JavaScript error: resource://gre/modules/XULStore.jsm, line 66: Error: Can't find profile directory.
console.error: SearchCache: "_readCacheFile: Error reading cache file:" (new Error("", "(unknown module)"))
1602306927907	Marionette	INFO	Listening on port 58537
1602306928352	Marionette	WARN	TLS certificate errors will be ignored for this session
1602306933130	Marionette	INFO	Stopped listening on port 58537

###!!! [Child][RunMessage] Error: Channel closing: too late to send/recv, messages will be lost


###!!! [Child][MessageChannel::SendAndWait] Error: Channel error: cannot send/recv

1602306954779	geckodriver	INFO	Listening on 127.0.0.1:58605
1602306957828	mozrunner::runner	INFO	Running command: "C:\\Program Files\\Mozilla Firefox\\firefox.exe" "--marionette" "-foreground" "-no-remote" "-profile" "C:\\Users\\JOO~1\\AppData\\Local\\Temp\\rust_mozprofile8v1E5q"
JavaScript error: resource://gre/modules/XULStore.jsm, line 66: Error: Can't find profile directory.
console.error: SearchCache: "_readCacheFile: Error reading cache file:" (new Error("", "(unknown module)"))
1602306961464	Marionette	INFO	Listening on port 58615
1602306961948	Marionette	WARN	TLS certificate errors will be ignored for this session
IPDL protocol error: Handler returned error code!

###!!! [Parent][DispatchAsyncMessage] Error: PLayerTransaction::Msg_ReleaseLayer Processing error: message was deserialized, but the handler returned false (indicating failure)

IPDL protocol error: Handler returned error code!

###!!! [Parent][DispatchAsyncMessage] Error: PLayerTransaction::Msg_ReleaseLayer Processing error: message was deserialized, but the handler returned false (indicating failure)

1602307043932	Marionette	INFO	Stopped listening on port 58615

###!!! [Child][RunMessage] Error: Channel closing: too late to send/recv, messages will be lost


###!!! [Child][MessageChannel::SendAndWait] Error: Channel error: cannot send/recv

1602307046317	geckodriver	INFO	Listening on 127.0.0.1:58696
1602307049359	mozrunner::runner	INFO	Running command: "C:\\Program Files\\Mozilla Firefox\\firefox.exe" "--marionette" "-foreground" "-no-remote" "-profile" "C:\\Users\\JOO~1\\AppData\\Local\\Temp\\rust_mozprofileWEKXxt"
JavaScript error: resource://gre/modules/XULStore.jsm, line 66: Error: Can't find profile directory.
console.error: SearchCache: "_readCacheFile: Error reading cache file:" (new Error("", "(unknown module)"))
1602307052370	Marionette	INFO	Listening on port 58704
1602307052518	Marionette	WARN	TLS certificate errors will be ignored for this session
console.error: "Error writing request: getGrids"
JavaScript warning: https://www.google.com/xjs/_/js/k=xjs.s.pt_BR.9eNOyhwyRoU.O/ck=xjs.s.A7eONwWrVCY.L.F4.O/am=AAAAAAAABAAAACwBczcAOP6DAIALLnEAAAAAIAFaEjQWSCEkJARAAAAA4CyUAIAQAAAB/d=1/exm=ZyRBae,cdos,cr,csi,d,dpf,hsm,jsa/ed=1/dg=2/ct=zgms/rs=ACT90oGjNskL-7rjMLe4Mz-WlUl9TeXiPQ/m=DGEKAc,EPszLb,IkchZc,MB3mMb,MkHyGd,NBZ7u,NpD4ec,OG6ZHd,OxbMV,RqxLvf,T6sTsf,T7XTS,TxZWcc,URQPYc,ZDfS0b,a3mDic,aCZVp,aa,aam1T,abd,async,bgd,dvl,eN4qad,foot,gol,hqrmec,iD8Yk,jgzyL,kyn,lli,lr,lu,m,m6a0l,mUpTid,mcpxQ,mu,o02Jie,pB6Zqd,q1R9df,q6ctOd,qik19b,rHjpXd,sb_wiz,sf,tl,uNoWqc,uiNkee,vs,xz7cCd,zbML3c?xjs=s1, line 479: Script terminated by timeout at:
s_Gog@https://www.google.com/xjs/_/js/k=xjs.s.pt_BR.9eNOyhwyRoU.O/ck=xjs.s.A7eONwWrVCY.L.F4.O/am=AAAAAAAABAAAACwBczcAOP6DAIALLnEAAAAAIAFaEjQWSCEkJARAAAAA4CyUAIAQAAAB/d=1/exm=ZyRBae,cdos,cr,csi,d,dpf,hsm,jsa/ed=1/dg=2/ct=zgms/rs=ACT90oGjNskL-7rjMLe4Mz-WlUl9TeXiPQ/m=DGEKAc,EPszLb,IkchZc,MB3mMb,MkHyGd,NBZ7u,NpD4ec,OG6ZHd,OxbMV,RqxLvf,T6sTsf,T7XTS,TxZWcc,URQPYc,ZDfS0b,a3mDic,aCZVp,aa,aam1T,abd,async,bgd,dvl,eN4qad,foot,gol,hqrmec,iD8Yk,jgzyL,kyn,lli,lr,lu,m,m6a0l,mUpTid,mcpxQ,mu,o02Jie,pB6Zqd,q1R9df,q6ctOd,qik19b,rHjpXd,sb_wiz,sf,tl,uNoWqc,uiNkee,vs,xz7cCd,zbML3c?xjs=s1:479:334
s_Zog@https://www.google.com/xjs/_/js/k=xjs.s.pt_BR.9eNOyhwyRoU.O/ck=xjs.s.A7eONwWrVCY.L.F4.O/am=AAAAAAAABAAAACwBczcAOP6DAIALLnEAAAAAIAFaEjQWSCEkJARAAAAA4CyUAIAQAAAB/d=1/exm=ZyRBae,cdos,cr,csi,d,dpf,hsm,jsa/ed=1/dg=2/ct=zgms/rs=ACT90oGjNskL-7rjMLe4Mz-WlUl9TeXiPQ/m=DGEKAc,EPszLb,IkchZc,MB3mMb,MkHyGd,NBZ7u,NpD4ec,OG6ZHd,OxbMV,RqxLvf,T6sTsf,T7XTS,TxZWcc,URQPYc,ZDfS0b,a3mDic,aCZVp,aa,aam1T,abd,async,bgd,dvl,eN4qad,foot,gol,hqrmec,iD8Yk,jgzyL,kyn,lli,lr,lu,m,m6a0l,mUpTid,mcpxQ,mu,o02Jie,pB6Zqd,q1R9df,q6ctOd,qik19b,rHjpXd,sb_wiz,sf,tl,uNoWqc,uiNkee,vs,xz7cCd,zbML3c?xjs=s1:500:227
s_Xog.prototype.Ta@https://www.google.com/xjs/_/js/k=xjs.s.pt_BR.9eNOyhwyRoU.O/ck=xjs.s.A7eONwWrVCY.L.F4.O/am=AAAAAAAABAAAACwBczcAOP6DAIALLnEAAAAAIAFaEjQWSCEkJARAAAAA4CyUAIAQAAAB/d=1/exm=ZyRBae,cdos,cr,csi,d,dpf,hsm,jsa/ed=1/dg=2/ct=zgms/rs=ACT90oGjNskL-7rjMLe4Mz-WlUl9TeXiPQ/m=DGEKAc,EPszLb,IkchZc,MB3mMb,MkHyGd,NBZ7u,NpD4ec,OG6ZHd,OxbMV,RqxLvf,T6sTsf,T7XTS,TxZWcc,URQPYc,ZDfS0b,a3mDic,aCZVp,aa,aam1T,abd,async,bgd,dvl,eN4qad,foot,gol,hqrmec,iD8Yk,jgzyL,kyn,lli,lr,lu,m,m6a0l,mUpTid,mcpxQ,mu,o02Jie,pB6Zqd,q1R9df,q6ctOd,qik19b,rHjpXd,sb_wiz,sf,tl,uNoWqc,uiNkee,vs,xz7cCd,zbML3c?xjs=s1:501:305
s_.Dca@https://www.google.com/xjs/_/js/k=xjs.s.pt_BR.9eNOyhwyRoU.O/ck=xjs.s.A7eONwWrVCY.L.F4.O/m=ZyRBae,cdos,cr,dpf,hsm,jsa,d,csi/am=AAAAAAAABAAAACwBczcAOP6DAIALLnEAAAAAIAFaEjQWSCEkJARAAAAA4CyUAIAQAAAB/d=1/dg=2/ct=zgms/rs=ACT90oGjNskL-7rjMLe4Mz-WlUl9TeXiPQ:428:210
s_.dispatchEvent@https://www.google.com/xjs/_/js/k=xjs.s.pt_BR.9eNOyhwyRoU.O/ck=xjs.s.A7eONwWrVCY.L.F4.O/m=ZyRBae,cdos,cr,dpf,hsm,jsa,d,csi/am=AAAAAAAABAAAACwBczcAOP6DAIALLnEAAAAAIAFaEjQWSCEkJARAAAAA4CyUAIAQAAAB/d=1/dg=2/ct=zgms/rs=ACT90oGjNskL-7rjMLe4Mz-WlUl9TeXiPQ:426:386
s_cP.prototype.Ba@https://www.google.com/xjs/_/js/k=xjs.s.pt_BR.9eNOyhwyRoU.O/ck=xjs.s.A7eONwWrVCY.L.F4.O/am=AAAAAAAABAAAACwBczcAOP6DAIALLnEAAAAAIAFaEjQWSCEkJARAAAAA4CyUAIAQAAAB/d=1/exm=ZyRBae,cdos,cr,csi,d,dpf,hsm,jsa/ed=1/dg=2/ct=zgms/rs=ACT90oGjNskL-7rjMLe4Mz-WlUl9TeXiPQ/m=DGEKAc,EPszLb,IkchZc,MB3mMb,MkHyGd,NBZ7u,NpD4ec,OG6ZHd,OxbMV,RqxLvf,T6sTsf,T7XTS,TxZWcc,URQPYc,ZDfS0b,a3mDic,aCZVp,aa,aam1T,abd,async,bgd,dvl,eN4qad,foot,gol,hqrmec,iD8Yk,jgzyL,kyn,lli,lr,lu,m,m6a0l,mUpTid,mcpxQ,mu,o02Jie,pB6Zqd,q1R9df,q6ctOd,qik19b,rHjpXd,sb_wiz,sf,tl,uNoWqc,uiNkee,vs,xz7cCd,zbML3c?xjs=s1:485:221
s__ha@https://www.google.com/xjs/_/js/k=xjs.s.pt_BR.9eNOyhwyRoU.O/ck=xjs.s.A7eONwWrVCY.L.F4.O/m=ZyRBae,cdos,cr,dpf,hsm,jsa,d,csi/am=AAAAAAAABAAAACwBczcAOP6DAIALLnEAAAAAIAFaEjQWSCEkJARAAAAA4CyUAIAQAAAB/d=1/dg=2/ct=zgms/rs=ACT90oGjNskL-7rjMLe4Mz-WlUl9TeXiPQ:288:254
s_Yha@https://www.google.com/xjs/_/js/k=xjs.s.pt_BR.9eNOyhwyRoU.O/ck=xjs.s.A7eONwWrVCY.L.F4.O/m=ZyRBae,cdos,cr,dpf,hsm,jsa,d,csi/am=AAAAAAAABAAAACwBczcAOP6DAIALLnEAAAAAIAFaEjQWSCEkJARAAAAA4CyUAIAQAAAB/d=1/dg=2/ct=zgms/rs=ACT90oGjNskL-7rjMLe4Mz-WlUl9TeXiPQ:289:249
s_Wha/b<@https://www.google.com/xjs/_/js/k=xjs.s.pt_BR.9eNOyhwyRoU.O/ck=xjs.s.A7eONwWrVCY.L.F4.O/m=ZyRBae,cdos,cr,dpf,hsm,jsa,d,csi/am=AAAAAAAABAAAACwBczcAOP6DAIALLnEAAAAAIAFaEjQWSCEkJARAAAAA4CyUAIAQAAAB/d=1/dg=2/ct=zgms/rs=ACT90oGjNskL-7rjMLe4Mz-WlUl9TeXiPQ:285:277
EventListener.handleEvent*s_Vha@https://www.google.com/xjs/_/js/k=xjs.s.pt_BR.9eNOyhwyRoU.O/ck=xjs.s.A7eONwWrVCY.L.F4.O/m=ZyRBae,cdos,cr,dpf,hsm,jsa,d,csi/am=AAAAAAAABAAAACwBczcAOP6DAIALLnEAAAAAIAFaEjQWSCEkJARAAAAA4CyUAIAQAAAB/d=1/dg=2/ct=zgms/rs=ACT90oGjNskL-7rjMLe4Mz-WlUl9TeXiPQ:285:28
s_G@https://www.google.com/xjs/_/js/k=xjs.s.pt_BR.9eNOyhwyRoU.O/ck=xjs.s.A7eONwWrVCY.L.F4.O/m=ZyRBae,cdos,cr,dpf,hsm,jsa,d,csi/am=AAAAAAAABAAAACwBczcAOP6DAIALLnEAAAAAIAFaEjQWSCEkJARAAAAA4CyUAIAQAAAB/d=1/dg=2/ct=zgms/rs=ACT90oGjNskL-7rjMLe4Mz-WlUl9TeXiPQ:284:268
s_.listen@https://www.google.com/xjs/_/js/k=xjs.s.pt_BR.9eNOyhwyRoU.O/ck=xjs.s.A7eONwWrVCY.L.F4.O/am=AAAAAAAABAAAACwBczcAOP6DAIALLnEAAAAAIAFaEjQWSCEkJARAAAAA4CyUAIAQAAAB/d=1/exm=ZyRBae,cdos,cr,csi,d,dpf,hsm,jsa/ed=1/dg=2/ct=zgms/rs=ACT90oGjNskL-7rjMLe4Mz-WlUl9TeXiPQ/m=DGEKAc,EPszLb,IkchZc,MB3mMb,MkHyGd,NBZ7u,NpD4ec,OG6ZHd,OxbMV,RqxLvf,T6sTsf,T7XTS,TxZWcc,URQPYc,ZDfS0b,a3mDic,aCZVp,aa,aam1T,abd,async,bgd,dvl,eN4qad,foot,gol,hqrmec,iD8Yk,jgzyL,kyn,lli,lr,lu,m,m6a0l,mUpTid,mcpxQ,mu,o02Jie,pB6Zqd,q1R9df,q6ctOd,qik19b,rHjpXd,sb_wiz,sf,tl,uNoWqc,uiNkee,vs,xz7cCd,zbML3c?xjs=s1:520:257
s_7O.prototype.addListener@https://www.google.com/xjs/_/js/k=xjs.s.pt_BR.9eNOyhwyRoU.O/ck=xjs.s.A7eONwWrVCY.L.F4.O/am=AAAAAAAABAAAACwBczcAOP6DAIALLnEAAAAAIAFaEjQWSCEkJARAAAAA4CyUAIAQAAAB/d=1/exm=ZyRBae,cdos,cr,csi,d,dpf,hsm,jsa/ed=1/dg=2/ct=zgms/rs=ACT90oGjNskL-7rjMLe4Mz-WlUl9TeXiPQ/m=DGEKAc,EPszLb,IkchZc,MB3mMb,MkHyGd,NBZ7u,NpD4ec,OG6ZHd,OxbMV,RqxLvf,T6sTsf,T7XTS,TxZWcc,URQPYc,ZDfS0b,a3mDic,aCZVp,aa,aam1T,abd,async,bgd,dvl,eN4qad,foot,gol,hqrmec,iD8Yk,jgzyL,kyn,lli,lr,lu,m,m6a0l,mUpTid,mcpxQ,mu,o02Jie,pB6Zqd,q1R9df,q6ctOd,qik19b,rHjpXd,sb_wiz,sf,tl,uNoWqc,uiNkee,vs,xz7cCd,zbML3c?xjs=s1:412:188
s_5og@https://www.google.com/xjs/_/js/k=xjs.s.pt_BR.9eNOyhwyRoU.O/ck=xjs.s.A7eONwWrVCY.L.F4.O/am=AAAAAAAABAAAACwBczcAOP6DAIALLnEAAAAAIAFaEjQWSCEkJARAAAAA4CyUAIAQAAAB/d=1/exm=ZyRBae,cdos,cr,csi,d,dpf,hsm,jsa/ed=1/dg=2/ct=zgms/rs=ACT90oGjNskL-7rjMLe4Mz-WlUl9TeXiPQ/m=DGEKAc,EPszLb,IkchZc,MB3mMb,MkHyGd,NBZ7u,NpD4ec,OG6ZHd,OxbMV,RqxLvf,T6sTsf,T7XTS,TxZWcc,URQPYc,ZDfS0b,a3mDic,aCZVp,aa,aam1T,abd,async,bgd,dvl,eN4qad,foot,gol,hqrmec,iD8Yk,jgzyL,kyn,lli,lr,lu,m,m6a0l,mUpTid,mcpxQ,mu,o02Jie,pB6Zqd,q1R9df,q6ctOd,qik19b,rHjpXd,sb_wiz,sf,tl,uNoWqc,uiNkee,vs,xz7cCd,zbML3c?xjs=s1:509:355
init@https://www.google.com/xjs/_/js/k=xjs.s.pt_BR.9eNOyhwyRoU.O/ck=xjs.s.A7eONwWrVCY.L.F4.O/am=AAAAAAAABAAAACwBczcAOP6DAIALLnEAAAAAIAFaEjQWSCEkJARAAAAA4CyUAIAQAAAB/d=1/exm=ZyRBae,cdos,cr,csi,d,dpf,hsm,jsa/ed=1/dg=2/ct=zgms/rs=ACT90oGjNskL-7rjMLe4Mz-WlUl9TeXiPQ/m=DGEKAc,EPszLb,IkchZc,MB3mMb,MkHyGd,NBZ7u,NpD4ec,OG6ZHd,OxbMV,RqxLvf,T6sTsf,T7XTS,TxZWcc,URQPYc,ZDfS0b,a3mDic,aCZVp,aa,aam1T,abd,async,bgd,dvl,eN4qad,foot,gol,hqrmec,iD8Yk,jgzyL,kyn,lli,lr,lu,m,m6a0l,mUpTid,mcpxQ,mu,o02Jie,pB6Zqd,q1R9df,q6ctOd,qik19b,rHjpXd,sb_wiz,sf,tl,uNoWqc,uiNkee,vs,xz7cCd,zbML3c?xjs=s1:546:270
s_ipg@https://www.google.com/xjs/_/js/k=xjs.s.pt_BR.9eNOyhwyRoU.O/ck=xjs.s.A7eONwWrVCY.L.F4.O/am=AAAAAAAABAAAACwBczcAOP6DAIALLnEAAAAAIAFaEjQWSCEkJARAAAAA4CyUAIAQAAAB/d=1/exm=ZyRBae,cdos,cr,csi,d,dpf,hsm,jsa/ed=1/dg=2/ct=zgms/rs=ACT90oGjNskL-7rjMLe4Mz-WlUl9TeXiPQ/m=DGEKAc,EPszLb,IkchZc,MB3mMb,MkHyGd,NBZ7u,NpD4ec,OG6ZHd,OxbMV,RqxLvf,T6sTsf,T7XTS,TxZWcc,URQPYc,ZDfS0b,a3mDic,aCZVp,aa,aam1T,abd,async,bgd,dvl,eN4qad,foot,gol,hqrmec,iD8Yk,jgzyL,kyn,lli,lr,lu,m,m6a0l,mUpTid,mcpxQ,mu,o02Jie,pB6Zqd,q1R9df,q6ctOd,qik19b,rHjpXd,sb_wiz,sf,tl,uNoWqc,uiNkee,vs,xz7cCd,zbML3c?xjs=s1:527:377
s_jpg@https://www.google.com/xjs/_/js/k=xjs.s.pt_BR.9eNOyhwyRoU.O/ck=xjs.s.A7eONwWrVCY.L.F4.O/am=AAAAAAAABAAAACwBczcAOP6DAIALLnEAAAAAIAFaEjQWSCEkJARAAAAA4CyUAIAQAAAB/d=1/exm=ZyRBae,cdos,cr,csi,d,dpf,hsm,jsa/ed=1/dg=2/ct=zgms/rs=ACT90oGjNskL-7rjMLe4Mz-WlUl9TeXiPQ/m=DGEKAc,EPszLb,IkchZc,MB3mMb,MkHyGd,NBZ7u,NpD4ec,OG6ZHd,OxbMV,RqxLvf,T6sTsf,T7XTS,TxZWcc,URQPYc,ZDfS0b,a3mDic,aCZVp,aa,aam1T,abd,async,bgd,dvl,eN4qad,foot,gol,hqrmec,iD8Yk,jgzyL,kyn,lli,lr,lu,m,m6a0l,mUpTid,mcpxQ,mu,o02Jie,pB6Zqd,q1R9df,q6ctOd,qik19b,rHjpXd,sb_wiz,sf,tl,uNoWqc,uiNkee,vs,xz7cCd,zbML3c?xjs=s1:526:245
s_Qma/c<@https://www.google.com/xjs/_/js/k=xjs.s.pt_BR.9eNOyhwyRoU.O/ck=xjs.s.A7eONwWrVCY.L.F4.O/m=ZyRBae,cdos,cr,dpf,hsm,jsa,d,csi/am=AAAAAAAABAAAACwBczcAOP6DAIALLnEAAAAAIAFaEjQWSCEkJARAAAAA4CyUAIAQAAAB/d=1/dg=2/ct=zgms/rs=ACT90oGjNskL-7rjMLe4Mz-WlUl9TeXiPQ:580:124
s_ei.prototype.jla@https://www.google.com/xjs/_/js/k=xjs.s.pt_BR.9eNOyhwyRoU.O/ck=xjs.s.A7eONwWrVCY.L.F4.O/m=ZyRBae,cdos,cr,dpf,hsm,jsa,d,csi/am=AAAAAAAABAAAACwBczcAOP6DAIALLnEAAAAAIAFaEjQWSCEkJARAAAAA4CyUAIAQAAAB/d=1/dg=2/ct=zgms/rs=ACT90oGjNskL-7rjMLe4Mz-WlUl9TeXiPQ:530:313
s_gi@https://www.google.com/xjs/_/js/k=xjs.s.pt_BR.9eNOyhwyRoU.O/ck=xjs.s.A7eONwWrVCY.L.F4.O/m=ZyRBae,cdos,cr,dpf,hsm,jsa,d,csi/am=AAAAAAAABAAAACwBczcAOP6DAIALLnEAAAAAIAFaEjQWSCEkJARAAAAA4CyUAIAQAAAB/d=1/dg=2/ct=zgms/rs=ACT90oGjNskL-7rjMLe4Mz-WlUl9TeXiPQ:528:204
s_ei.prototype.addCallback@https://www.google.com/xjs/_/js/k=xjs.s.pt_BR.9eNOyhwyRoU.O/ck=xjs.s.A7eONwWrVCY.L.F4.O/m=ZyRBae,cdos,cr,dpf,hsm,jsa,d,csi/am=AAAAAAAABAAAACwBczcAOP6DAIALLnEAAAAAIAFaEjQWSCEkJARAAAAA4CyUAIAQAAAB/d=1/dg=2/ct=zgms/rs=ACT90oGjNskL-7rjMLe4Mz-WlUl9TeXiPQ:527:320
s_Qma@https://www.google.com/xjs/_/js/k=xjs.s.pt_BR.9eNOyhwyRoU.O/ck=xjs.s.A7eONwWrVCY.L.F4.O/m=ZyRBae,cdos,cr,dpf,hsm,jsa,d,csi/am=AAAAAAAABAAAACwBczcAOP6DAIALLnEAAAAAIAFaEjQWSCEkJARAAAAA4CyUAIAQAAAB/d=1/dg=2/ct=zgms/rs=ACT90oGjNskL-7rjMLe4Mz-WlUl9TeXiPQ:580:93
s_T/b.create@https://www.google.com/xjs/_/js/k=xjs.s.pt_BR.9eNOyhwyRoU.O/ck=xjs.s.A7eONwWrVCY.L.F4.O/m=ZyRBae,cdos,cr,dpf,hsm,jsa,d,csi/am=AAAAAAAABAAAACwBczcAOP6DAIALLnEAAAAAIAFaEjQWSCEkJARAAAAA4CyUAIAQAAAB/d=1/dg=2/ct=zgms/rs=ACT90oGjNskL-7rjMLe4Mz-WlUl9TeXiPQ:2922:354
g@https://www.google.com/xjs/_/js/k=xjs.s.pt_BR.9eNOyhwyRoU.O/ck=xjs.s.A7eONwWrVCY.L.F4.O/m=ZyRBae,cdos,cr,dpf,hsm,jsa,d,csi/am=AAAAAAAABAAAACwBczcAOP6DAIALLnEAAAAAIAFaEjQWSCEkJARAAAAA4CyUAIAQAAAB/d=1/dg=2/ct=zgms/rs=ACT90oGjNskL-7rjMLe4Mz-WlUl9TeXiPQ:803:486
s_1pa.prototype.Cb/<@https://www.google.com/xjs/_/js/k=xjs.s.pt_BR.9eNOyhwyRoU.O/ck=xjs.s.A7eONwWrVCY.L.F4.O/m=ZyRBae,cdos,cr,dpf,hsm,jsa,d,csi/am=AAAAAAAABAAAACwBczcAOP6DAIALLnEAAAAAIAFaEjQWSCEkJARAAAAA4CyUAIAQAAAB/d=1/dg=2/ct=zgms/rs=ACT90oGjNskL-7rjMLe4Mz-WlUl9TeXiPQ:804:199
s_ei.prototype.jla@https://www.google.com/xjs/_/js/k=xjs.s.pt_BR.9eNOyhwyRoU.O/ck=xjs.s.A7eONwWrVCY.L.F4.O/m=ZyRBae,cdos,cr,dpf,hsm,jsa,d,csi/am=AAAAAAAABAAAACwBczcAOP6DAIALLnEAAAAAIAFaEjQWSCEkJARAAAAA4CyUAIAQAAAB/d=1/dg=2/ct=zgms/rs=ACT90oGjNskL-7rjMLe4Mz-WlUl9TeXiPQ:530:313
s_Ula@https://www.google.com/xjs/_/js/k=xjs.s.pt_BR.9eNOyhwyRoU.O/ck=xjs.s.A7eONwWrVCY.L.F4.O/m=ZyRBae,cdos,cr,dpf,hsm,jsa,d,csi/am=AAAAAAAABAAAACwBczcAOP6DAIALLnEAAAAAIAFaEjQWSCEkJARAAAAA4CyUAIAQAAAB/d=1/dg=2/ct=zgms/rs=ACT90oGjNskL-7rjMLe4Mz-WlUl9TeXiPQ:527:53
s_ei.prototype.callback@https://www.google.com/xjs/_/js/k=xjs.s.pt_BR.9eNOyhwyRoU.O/ck=xjs.s.A7eONwWrVCY.L.F4.O/m=ZyRBae,cdos,cr,dpf,hsm,jsa,d,csi/am=AAAAAAAABAAAACwBczcAOP6DAIALLnEAAAAAIAFaEjQWSCEkJARAAAAA4CyUAIAQAAAB/d=1/dg=2/ct=zgms/rs=ACT90oGjNskL-7rjMLe4Mz-WlUl9TeXiPQ:527:201
s_1la/<@https://www.google.com/xjs/_/js/k=xjs.s.pt_BR.9eNOyhwyRoU.O/ck=xjs.s.A7eONwWrVCY.L.F4.O/m=ZyRBae,cdos,cr,dpf,hsm,jsa,d,csi/am=AAAAAAAABAAAACwBczcAOP6DAIALLnEAAAAAIAFaEjQWSCEkJARAAAAA4CyUAIAQAAAB/d=1/dg=2/ct=zgms/rs=ACT90oGjNskL-7rjMLe4Mz-WlUl9TeXiPQ:531:313
s_hia/e.ka</e.Aa<@https://www.google.com/xjs/_/js/k=xjs.s.pt_BR.9eNOyhwyRoU.O/ck=xjs.s.A7eONwWrVCY.L.F4.O/m=ZyRBae,cdos,cr,dpf,hsm,jsa,d,csi/am=AAAAAAAABAAAACwBczcAOP6DAIALLnEAAAAAIAFaEjQWSCEkJARAAAAA4CyUAIAQAAAB/d=1/dg=2/ct=zgms/rs=ACT90oGjNskL-7rjMLe4Mz-WlUl9TeXiPQ:303:204
s_oia@https://www.google.com/xjs/_/js/k=xjs.s.pt_BR.9eNOyhwyRoU.O/ck=xjs.s.A7eONwWrVCY.L.F4.O/m=ZyRBae,cdos,cr,dpf,hsm,jsa,d,csi/am=AAAAAAAABAAAACwBczcAOP6DAIALLnEAAAAAIAFaEjQWSCEkJARAAAAA4CyUAIAQAAAB/d=1/dg=2/ct=zgms/rs=ACT90oGjNskL-7rjMLe4Mz-WlUl9TeXiPQ:307:238
s_kia@https://www.google.com/xjs/_/js/k=xjs.s.pt_BR.9eNOyhwyRoU.O/ck=xjs.s.A7eONwWrVCY.L.F4.O/m=ZyRBae,cdos,cr,dpf,hsm,jsa,d,csi/am=AAAAAAAABAAAACwBczcAOP6DAIALLnEAAAAAIAFaEjQWSCEkJARAAAAA4CyUAIAQAAAB/d=1/dg=2/ct=zgms/rs=ACT90oGjNskL-7rjMLe4Mz-WlUl9TeXiPQ:307:101
s_Dg.prototype.Xza@https://www.google.com/xjs/_/js/k=xjs.s.pt_BR.9eNOyhwyRoU.O/ck=xjs.s.A7eONwWrVCY.L.F4.O/m=ZyRBae,cdos,cr,dpf,hsm,jsa,d,csi/am=AAAAAAAABAAAACwBczcAOP6DAIALLnEAAAAAIAFaEjQWSCEkJARAAAAA4CyUAIAQAAAB/d=1/dg=2/ct=zgms/rs=ACT90oGjNskL-7rjMLe4Mz-WlUl9TeXiPQ:306:96
s_aia@https://www.google.com/xjs/_/js/k=xjs.s.pt_BR.9eNOyhwyRoU.O/ck=xjs.s.A7eONwWrVCY.L.F4.O/m=ZyRBae,cdos,cr,dpf,hsm,jsa,d,csi/am=AAAAAAAABAAAACwBczcAOP6DAIALLnEAAAAAIAFaEjQWSCEkJARAAAAA4CyUAIAQAAAB/d=1/dg=2/ct=zgms/rs=ACT90oGjNskL-7rjMLe4Mz-WlUl9TeXiPQ:297:326
promise callback*s_7ha@https://www.google.com/xjs/_/js/k=xjs.s.pt_BR.9eNOyhwyRoU.O/ck=xjs.s.A7eONwWrVCY.L.F4.O/m=ZyRBae,cdos,cr,dpf,hsm,jsa,d,csi/am=AAAAAAAABAAAACwBczcAOP6DAIALLnEAAAAAIAFaEjQWSCEkJARAAAAA4CyUAIAQAAAB/d=1/dg=2/ct=zgms/rs=ACT90oGjNskL-7rjMLe4Mz-WlUl9TeXiPQ:297:197
s_Cg@https://www.google.com/xjs/_/js/k=xjs.s.pt_BR.9eNOyhwyRoU.O/ck=xjs.s.A7eONwWrVCY.L.F4.O/m=ZyRBae,cdos,cr,dpf,hsm,jsa,d,csi/am=AAAAAAAABAAAACwBczcAOP6DAIALLnEAAAAAIAFaEjQWSCEkJARAAAAA4CyUAIAQAAAB/d=1/dg=2/ct=zgms/rs=ACT90oGjNskL-7rjMLe4Mz-WlUl9TeXiPQ:297:47
s_lia@https://www.google.com/xjs/_/js/k=xjs.s.pt_BR.9eNOyhwyRoU.O/ck=xjs.s.A7eONwWrVCY.L.F4.O/m=ZyRBae,cdos,cr,dpf,hsm,jsa,d,csi/am=AAAAAAAABAAAACwBczcAOP6DAIALLnEAAAAAIAFaEjQWSCEkJARAAAAA4CyUAIAQAAAB/d=1/dg=2/ct=zgms/rs=ACT90oGjNskL-7rjMLe4Mz-WlUl9TeXiPQ:305:429
s_Dg.prototype.mG@https://www.google.com/xjs/_/js/k=xjs.s.pt_BR.9eNOyhwyRoU.O/ck=xjs.s.A7eONwWrVCY.L.F4.O/m=ZyRBae,cdos,cr,dpf,hsm,jsa,d,csi/am=AAAAAAAABAAAACwBczcAOP6DAIALLnEAAAAAIAFaEjQWSCEkJARAAAAA4CyUAIAQAAAB/d=1/dg=2/ct=zgms/rs=ACT90oGjNskL-7rjMLe4Mz-WlUl9TeXiPQ:304:160
s_Dg/<@https://www.google.com/xjs/_/js/k=xjs.s.pt_BR.9eNOyhwyRoU.O/ck=xjs.s.A7eONwWrVCY.L.F4.O/m=ZyRBae,cdos,cr,dpf,hsm,jsa,d,csi/am=AAAAAAAABAAAACwBczcAOP6DAIALLnEAAAAAIAFaEjQWSCEkJARAAAAA4CyUAIAQAAAB/d=1/dg=2/ct=zgms/rs=ACT90oGjNskL-7rjMLe4Mz-WlUl9TeXiPQ:298:149
f@https://www.google.com/xjs/_/js/k=xjs.s.pt_BR.9eNOyhwyRoU.O/ck=xjs.s.A7eONwWrVCY.L.F4.O/m=ZyRBae,cdos,cr,dpf,hsm,jsa,d,csi/am=AAAAAAAABAAAACwBczcAOP6DAIALLnEAAAAAIAFaEjQWSCEkJARAAAAA4CyUAIAQAAAB/d=1/dg=2/ct=zgms/rs=ACT90oGjNskL-7rjMLe4Mz-WlUl9TeXiPQ:300:70
s_ma/<@https://www.google.com/xjs/_/js/k=xjs.s.pt_BR.9eNOyhwyRoU.O/ck=xjs.s.A7eONwWrVCY.L.F4.O/m=ZyRBae,cdos,cr,dpf,hsm,jsa,d,csi/am=AAAAAAAABAAAACwBczcAOP6DAIALLnEAAAAAIAFaEjQWSCEkJARAAAAA4CyUAIAQAAAB/d=1/dg=2/ct=zgms/rs=ACT90oGjNskL-7rjMLe4Mz-WlUl9TeXiPQ:110:73
g@https://www.google.com/xjs/_/js/k=xjs.s.pt_BR.9eNOyhwyRoU.O/ck=xjs.s.A7eONwWrVCY.L.F4.O/m=ZyRBae,cdos,cr,dpf,hsm,jsa,d,csi/am=AAAAAAAABAAAACwBczcAOP6DAIALLnEAAAAAIAFaEjQWSCEkJARAAAAA4CyUAIAQAAAB/d=1/dg=2/ct=zgms/rs=ACT90oGjNskL-7rjMLe4Mz-WlUl9TeXiPQ:305:311
promise callback*s_nia@https://www.google.com/xjs/_/js/k=xjs.s.pt_BR.9eNOyhwyRoU.O/ck=xjs.s.A7eONwWrVCY.L.F4.O/m=ZyRBae,cdos,cr,dpf,hsm,jsa,d,csi/am=AAAAAAAABAAAACwBczcAOP6DAIALLnEAAAAAIAFaEjQWSCEkJARAAAAA4CyUAIAQAAAB/d=1/dg=2/ct=zgms/rs=ACT90oGjNskL-7rjMLe4Mz-WlUl9TeXiPQ:305:366
s_eia@https://www.google.com/xjs/_/js/k=xjs.s.pt_BR.9eNOyhwyRoU.O/ck=xjs.s.A7eONwWrVCY.L.F4.O/m=ZyRBae,cdos,cr,dpf,hsm,jsa,d,csi/am=AAAAAAAABAAAACwBczcAOP6DAIALLnEAAAAAIAFaEjQWSCEkJARAAAAA4CyUAIAQAAAB/d=1/dg=2/ct=zgms/rs=ACT90oGjNskL-7rjMLe4Mz-WlUl9TeXiPQ:305:195
s_fia@https://www.google.com/xjs/_/js/k=xjs.s.pt_BR.9eNOyhwyRoU.O/ck=xjs.s.A7eONwWrVCY.L.F4.O/m=ZyRBae,cdos,cr,dpf,hsm,jsa,d,csi/am=AAAAAAAABAAAACwBczcAOP6DAIALLnEAAAAAIAFaEjQWSCEkJARAAAAA4CyUAIAQAAAB/d=1/dg=2/ct=zgms/rs=ACT90oGjNskL-7rjMLe4Mz-WlUl9TeXiPQ:299:319
s_bc/<@https://www.google.com/xjs/_/js/k=xjs.s.pt_BR.9eNOyhwyRoU.O/ck=xjs.s.A7eONwWrVCY.L.F4.O/m=ZyRBae,cdos,cr,dpf,hsm,jsa,d,csi/am=AAAAAAAABAAAACwBczcAOP6DAIALLnEAAAAAIAFaEjQWSCEkJARAAAAA4CyUAIAQAAAB/d=1/dg=2/ct=zgms/rs=ACT90oGjNskL-7rjMLe4Mz-WlUl9TeXiPQ:300:124
s_Dg@https://www.google.com/xjs/_/js/k=xjs.s.pt_BR.9eNOyhwyRoU.O/ck=xjs.s.A7eONwWrVCY.L.F4.O/m=ZyRBae,cdos,cr,dpf,hsm,jsa,d,csi/am=AAAAAAAABAAAACwBczcAOP6DAIALLnEAAAAAIAFaEjQWSCEkJARAAAAA4CyUAIAQAAAB/d=1/dg=2/ct=zgms/rs=ACT90oGjNskL-7rjMLe4Mz-WlUl9TeXiPQ:298:128
s_bc@https://www.google.com/xjs/_/js/k=xjs.s.pt_BR.9eNOyhwyRoU.O/ck=xjs.s.A7eONwWrVCY.L.F4.O/m=ZyRBae,cdos,cr,dpf,hsm,jsa,d,csi/am=AAAAAAAABAAAACwBczcAOP6DAIALLnEAAAAAIAFaEjQWSCEkJARAAAAA4CyUAIAQAAAB/d=1/dg=2/ct=zgms/rs=ACT90oGjNskL-7rjMLe4Mz-WlUl9TeXiPQ:299:493
s_Ema@https://www.google.com/xjs/_/js/k=xjs.s.pt_BR.9eNOyhwyRoU.O/ck=xjs.s.A7eONwWrVCY.L.F4.O/m=ZyRBae,cdos,cr,dpf,hsm,jsa,d,csi/am=AAAAAAAABAAAACwBczcAOP6DAIALLnEAAAAAIAFaEjQWSCEkJARAAAAA4CyUAIAQAAAB/d=1/dg=2/ct=zgms/rs=ACT90oGjNskL-7rjMLe4Mz-WlUl9TeXiPQ:574:124
s_Cma@https://www.google.com/xjs/_/js/k=xjs.s.pt_BR.9eNOyhwyRoU.O/ck=xjs.s.A7eONwWrVCY.L.F4.O/m=ZyRBae,cdos,cr,dpf,hsm,jsa,d,csi/am=AAAAAAAABAAAACwBczcAOP6DAIALLnEAAAAAIAFaEjQWSCEkJARAAAAA4CyUAIAQAAAB/d=1/dg=2/ct=zgms/rs=ACT90oGjNskL-7rjMLe4Mz-WlUl9TeXiPQ:573:300
service@https://www.google.com/xjs/_/js/k=xjs.s.pt_BR.9eNOyhwyRoU.O/ck=xjs.s.A7eONwWrVCY.L.F4.O/m=ZyRBae,cdos,cr,dpf,hsm,jsa,d,csi/am=AAAAAAAABAAAACwBczcAOP6DAIALLnEAAAAAIAFaEjQWSCEkJARAAAAA4CyUAIAQAAAB/d=1/dg=2/ct=zgms/rs=ACT90oGjNskL-7rjMLe4Mz-WlUl9TeXiPQ:645:425
s_Lma@https://www.google.com/xjs/_/js/k=xjs.s.pt_BR.9eNOyhwyRoU.O/ck=xjs.s.A7eONwWrVCY.L.F4.O/m=ZyRBae,cdos,cr,dpf,hsm,jsa,d,csi/am=AAAAAAAABAAAACwBczcAOP6DAIALLnEAAAAAIAFaEjQWSCEkJARAAAAA4CyUAIAQAAAB/d=1/dg=2/ct=zgms/rs=ACT90oGjNskL-7rjMLe4Mz-WlUl9TeXiPQ:575:485
s_oc/e<@https://www.google.com/xjs/_/js/k=xjs.s.pt_BR.9eNOyhwyRoU.O/ck=xjs.s.A7eONwWrVCY.L.F4.O/m=ZyRBae,cdos,cr,dpf,hsm,jsa,d,csi/am=AAAAAAAABAAAACwBczcAOP6DAIALLnEAAAAAIAFaEjQWSCEkJARAAAAA4CyUAIAQAAAB/d=1/dg=2/ct=zgms/rs=ACT90oGjNskL-7rjMLe4Mz-WlUl9TeXiPQ:575:220
s_9b@https://www.google.com/xjs/_/js/k=xjs.s.pt_BR.9eNOyhwyRoU.O/ck=xjs.s.A7eONwWrVCY.L.F4.O/m=ZyRBae,cdos,cr,dpf,hsm,jsa,d,csi/am=AAAAAAAABAAAACwBczcAOP6DAIALLnEAAAAAIAFaEjQWSCEkJARAAAAA4CyUAIAQAAAB/d=1/dg=2/ct=zgms/rs=ACT90oGjNskL-7rjMLe4Mz-WlUl9TeXiPQ:121:199
s_oc@https://www.google.com/xjs/_/js/k=xjs.s.pt_BR.9eNOyhwyRoU.O/ck=xjs.s.A7eONwWrVCY.L.F4.O/m=ZyRBae,cdos,cr,dpf,hsm,jsa,d,csi/am=AAAAAAAABAAAACwBczcAOP6DAIALLnEAAAAAIAFaEjQWSCEkJARAAAAA4CyUAIAQAAAB/d=1/dg=2/ct=zgms/rs=ACT90oGjNskL-7rjMLe4Mz-WlUl9TeXiPQ:575:196
s_Pma@https://www.google.com/xjs/_/js/k=xjs.s.pt_BR.9eNOyhwyRoU.O/ck=xjs.s.A7eONwWrVCY.L.F4.O/m=ZyRBae,cdos,cr,dpf,hsm,jsa,d,csi/am=AAAAAAAABAAAACwBczcAOP6DAIALLnEAAAAAIAFaEjQWSCEkJARAAAAA4CyUAIAQAAAB/d=1/dg=2/ct=zgms/rs=ACT90oGjNskL-7rjMLe4Mz-WlUl9TeXiPQ:580:455
s_Qma@https://www.google.com/xjs/_/js/k=xjs.s.pt_BR.9eNOyhwyRoU.O/ck=xjs.s.A7eONwWrVCY.L.F4.O/m=ZyRBae,cdos,cr,dpf,hsm,jsa,d,csi/am=AAAAAAAABAAAACwBczcAOP6DAIALLnEAAAAAIAFaEjQWSCEkJARAAAAA4CyUAIAQAAAB/d=1/dg=2/ct=zgms/rs=ACT90oGjNskL-7rjMLe4Mz-WlUl9TeXiPQ:580:80
s_goa@https://www.google.com/xjs/_/js/k=xjs.s.pt_BR.9eNOyhwyRoU.O/ck=xjs.s.A7eONwWrVCY.L.F4.O/m=ZyRBae,cdos,cr,dpf,hsm,jsa,d,csi/am=AAAAAAAABAAAACwBczcAOP6DAIALLnEAAAAAIAFaEjQWSCEkJARAAAAA4CyUAIAQAAAB/d=1/dg=2/ct=zgms/rs=ACT90oGjNskL-7rjMLe4Mz-WlUl9TeXiPQ:645:296
s_6i/b.Atb@https://www.google.com/xjs/_/js/k=xjs.s.pt_BR.9eNOyhwyRoU.O/ck=xjs.s.A7eONwWrVCY.L.F4.O/m=ZyRBae,cdos,cr,dpf,hsm,jsa,d,csi/am=AAAAAAAABAAAACwBczcAOP6DAIALLnEAAAAAIAFaEjQWSCEkJARAAAAA4CyUAIAQAAAB/d=1/dg=2/ct=zgms/rs=ACT90oGjNskL-7rjMLe4Mz-WlUl9TeXiPQ:645:173
e@https://www.google.com/xjs/_/js/k=xjs.s.pt_BR.9eNOyhwyRoU.O/ck=xjs.s.A7eONwWrVCY.L.F4.O/m=ZyRBae,cdos,cr,dpf,hsm,jsa,d,csi/am=AAAAAAAABAAAACwBczcAOP6DAIALLnEAAAAAIAFaEjQWSCEkJARAAAAA4CyUAIAQAAAB/d=1/dg=2/ct=zgms/rs=ACT90oGjNskL-7rjMLe4Mz-WlUl9TeXiPQ:644:290
s_mc/<@https://www.google.com/xjs/_/js/k=xjs.s.pt_BR.9eNOyhwyRoU.O/ck=xjs.s.A7eONwWrVCY.L.F4.O/m=ZyRBae,cdos,cr,dpf,hsm,jsa,d,csi/am=AAAAAAAABAAAACwBczcAOP6DAIALLnEAAAAAIAFaEjQWSCEkJARAAAAA4CyUAIAQAAAB/d=1/dg=2/ct=zgms/rs=ACT90oGjNskL-7rjMLe4Mz-WlUl9TeXiPQ:644:457
s_ei.prototype.jla@https://www.google.com/xjs/_/js/k=xjs.s.pt_BR.9eNOyhwyRoU.O/ck=xjs.s.A7eONwWrVCY.L.F4.O/m=ZyRBae,cdos,cr,dpf,hsm,jsa,d,csi/am=AAAAAAAABAAAACwBczcAOP6DAIALLnEAAAAAIAFaEjQWSCEkJARAAAAA4CyUAIAQAAAB/d=1/dg=2/ct=zgms/rs=ACT90oGjNskL-7rjMLe4Mz-WlUl9TeXiPQ:530:313
s_gi@https://www.google.com/xjs/_/js/k=xjs.s.pt_BR.9eNOyhwyRoU.O/ck=xjs.s.A7eONwWrVCY.L.F4.O/m=ZyRBae,cdos,cr,dpf,hsm,jsa,d,csi/am=AAAAAAAABAAAACwBczcAOP6DAIALLnEAAAAAIAFaEjQWSCEkJARAAAAA4CyUAIAQAAAB/d=1/dg=2/ct=zgms/rs=ACT90oGjNskL-7rjMLe4Mz-WlUl9TeXiPQ:528:204
s_ei.prototype.addCallback@https://www.google.com/xjs/_/js/k=xjs.s.pt_BR.9eNOyhwyRoU.O/ck=xjs.s.A7eONwWrVCY.L.F4.O/m=ZyRBae,cdos,cr,dpf,hsm,jsa,d,csi/am=AAAAAAAABAAAACwBczcAOP6DAIALLnEAAAAAIAFaEjQWSCEkJARAAAAA4CyUAIAQAAAB/d=1/dg=2/ct=zgms/rs=ACT90oGjNskL-7rjMLe4Mz-WlUl9TeXiPQ:527:320
s_mc@https://www.google.com/xjs/_/js/k=xjs.s.pt_BR.9eNOyhwyRoU.O/ck=xjs.s.A7eONwWrVCY.L.F4.O/m=ZyRBae,cdos,cr,dpf,hsm,jsa,d,csi/am=AAAAAAAABAAAACwBczcAOP6DAIALLnEAAAAAIAFaEjQWSCEkJARAAAAA4CyUAIAQAAAB/d=1/dg=2/ct=zgms/rs=ACT90oGjNskL-7rjMLe4Mz-WlUl9TeXiPQ:644:359
s_wda@https://www.google.com/xjs/_/js/k=xjs.s.pt_BR.9eNOyhwyRoU.O/ck=xjs.s.A7eONwWrVCY.L.F4.O/m=ZyRBae,cdos,cr,dpf,hsm,jsa,d,csi/am=AAAAAAAABAAAACwBczcAOP6DAIALLnEAAAAAIAFaEjQWSCEkJARAAAAA4CyUAIAQAAAB/d=1/dg=2/ct=zgms/rs=ACT90oGjNskL-7rjMLe4Mz-WlUl9TeXiPQ:50:397
s_zda@https://www.google.com/xjs/_/js/k=xjs.s.pt_BR.9eNOyhwyRoU.O/ck=xjs.s.A7eONwWrVCY.L.F4.O/m=ZyRBae,cdos,cr,dpf,hsm,jsa,d,csi/am=AAAAAAAABAAAACwBczcAOP6DAIALLnEAAAAAIAFaEjQWSCEkJARAAAAA4CyUAIAQAAAB/d=1/dg=2/ct=zgms/rs=ACT90oGjNskL-7rjMLe4Mz-WlUl9TeXiPQ:909:100
s_Ada/</<@https://www.google.com/xjs/_/js/k=xjs.s.pt_BR.9eNOyhwyRoU.O/ck=xjs.s.A7eONwWrVCY.L.F4.O/m=ZyRBae,cdos,cr,dpf,hsm,jsa,d,csi/am=AAAAAAAABAAAACwBczcAOP6DAIALLnEAAAAAIAFaEjQWSCEkJARAAAAA4CyUAIAQAAAB/d=1/dg=2/ct=zgms/rs=ACT90oGjNskL-7rjMLe4Mz-WlUl9TeXiPQ:51:303
s_hia/e.ka</e.Aa<@https://www.google.com/xjs/_/js/k=xjs.s.pt_BR.9eNOyhwyRoU.O/ck=xjs.s.A7eONwWrVCY.L.F4.O/m=ZyRBae,cdos,cr,dpf,hsm,jsa,d,csi/am=AAAAAAAABAAAACwBczcAOP6DAIALLnEAAAAAIAFaEjQWSCEkJARAAAAA4CyUAIAQAAAB/d=1/dg=2/ct=zgms/rs=ACT90oGjNskL-7rjMLe4Mz-WlUl9TeXiPQ:303:204
s_oia@https://www.google.com/xjs/_/js/k=xjs.s.pt_BR.9eNOyhwyRoU.O/ck=xjs.s.A7eONwWrVCY.L.F4.O/m=ZyRBae,cdos,cr,dpf,hsm,jsa,d,csi/am=AAAAAAAABAAAACwBczcAOP6DAIALLnEAAAAAIAFaEjQWSCEkJARAAAAA4CyUAIAQAAAB/d=1/dg=2/ct=zgms/rs=ACT90oGjNskL-7rjMLe4Mz-WlUl9TeXiPQ:307:238
s_kia@https://www.google.com/xjs/_/js/k=xjs.s.pt_BR.9eNOyhwyRoU.O/ck=xjs.s.A7eONwWrVCY.L.F4.O/m=ZyRBae,cdos,cr,dpf,hsm,jsa,d,csi/am=AAAAAAAABAAAACwBczcAOP6DAIALLnEAAAAAIAFaEjQWSCEkJARAAAAA4CyUAIAQAAAB/d=1/dg=2/ct=zgms/rs=ACT90oGjNskL-7rjMLe4Mz-WlUl9TeXiPQ:307:101
s_Dg.prototype.Xza@https://www.google.com/xjs/_/js/k=xjs.s.pt_BR.9eNOyhwyRoU.O/ck=xjs.s.A7eONwWrVCY.L.F4.O/m=ZyRBae,cdos,cr,dpf,hsm,jsa,d,csi/am=AAAAAAAABAAAACwBczcAOP6DAIALLnEAAAAAIAFaEjQWSCEkJARAAAAA4CyUAIAQAAAB/d=1/dg=2/ct=zgms/rs=ACT90oGjNskL-7rjMLe4Mz-WlUl9TeXiPQ:306:96
s_aia@https://www.google.com/xjs/_/js/k=xjs.s.pt_BR.9eNOyhwyRoU.O/ck=xjs.s.A7eONwWrVCY.L.F4.O/m=ZyRBae,cdos,cr,dpf,hsm,jsa,d,csi/am=AAAAAAAABAAAACwBczcAOP6DAIALLnEAAAAAIAFaEjQWSCEkJARAAAAA4CyUAIAQAAAB/d=1/dg=2/ct=zgms/rs=ACT90oGjNskL-7rjMLe4Mz-WlUl9TeXiPQ:297:326

1602307197068	Marionette	INFO	Stopped listening on port 58704

###!!! [Child][RunMessage] Error: Channel closing: too late to send/recv, messages will be lost

[Parent 8252, Gecko_IOThread] WARNING: pipe error: 232: file /builds/worker/checkouts/gecko/ipc/chromium/src/chrome/common/ipc_channel_win.cc, line 545
ules/XULStore.jsm, line 66: Error: Can't find profile directory.
console.error: SearchCache: "_readCacheFile: Error reading cache file:" (new Error("", "(unknown module)"))
1602307180277	Marionette	INFO	Listening on port 58803
1602307180335	Marionette	WARN	TLS certificate errors will be ignored for this session
1602307326056	Marionette	INFO	Stopped listening on port 58803

###!!! [Child][RunMessage] Error: Channel closing: too late to send/recv, messages will be lost

[Parent 8084, Gecko_IOThread] WARNING: pipe error: 232: file /builds/worker/checkouts/gecko/ipc/chromium/src/chrome/common/ipc_channel_win.cc, line 545
ules/XULStore.jsm, line 66: Error: Can't find profile directory.
console.error: SearchCache: "_readCacheFile: Error reading cache file:" (new Error("", "(unknown module)"))
1602307240232	Marionette	INFO	Listening on port 58896
1602307240687	Marionette	WARN	TLS certificate errors will be ignored for this session
1602307253873	Marionette	INFO	Stopped listening on port 58896

###!!! [Child][RunMessage] Error: Channel closing: too late to send/recv, messages will be lost


###!!! [Child][MessageChannel::SendAndWait] Error: Channel error: cannot send/recv

1602307328041	geckodriver	INFO	Listening on 127.0.0.1:58966
1602307331083	mozrunner::runner	INFO	Running command: "C:\\Program Files\\Mozilla Firefox\\firefox.exe" "--marionette" "-foreground" "-no-remote" "-profile" "C:\\Users\\JOO~1\\AppData\\Local\\Temp\\rust_mozprofileeLTDFB"
JavaScript error: resource://gre/modules/XULStore.jsm, line 66: Error: Can't find profile directory.
console.error: SearchCache: "_readCacheFile: Error reading cache file:" (new Error("", "(unknown module)"))
1602307334298	Marionette	INFO	Listening on port 58974
1602307334714	Marionette	WARN	TLS certificate errors will be ignored for this session
JavaScript error: resource://gre/modules/URIFixup.jsm, line 271: NS_ERROR_FAILURE: Should pass a non-null uri
1602307542470	Marionette	INFO	Stopped listening on port 58971602307543802	mozrunner::runner	INFO	Running command: "C:\\Program Files\\Mozilla Firefox\\firefox.exe" "--marionette" "-foreground" "-no-remote" "-profile" "C:\\Users\\JOO~1\\AppData\\Local\\Temp\\rust_mozprofileERbAHB"
JavaScript error: resource://gre/modules/XULStore.jsm, line 66: Error: Can't find profile directory.
console.error: SearchCache: "_readCacheFile: Error reading cache file:" (new Error("", "(unknown module)"))
1602307546933	Marionette	INFO	Listening on port 59047
1602307546947	Marionette	WARN	TLS certificate errors will be ignored for this session
1602307609420	Marionette	INFO	Stopped listening on port 59047

###!!! [Child][RunMessage] Error: Channel closing: too late to send/recv, messages will be lost


###!!! [Child][MessageChannel::SendAndWait] Error: Channel error: cannot send/recv

1602307613421	geckodriver	INFO	Listening on 127.0.0.1:59099
1602307616477	mozrunner::runner	INFO	Running command: "C:\\Program Files\\Mozilla Firefox\\firefox.exe" "--marionette" "-foreground" "-no-remote" "-profile" "C:\\Users\\JOO~1\\AppData\\Local\\Temp\\rust_mozprofilel6qdnt"
JavaScript error: resource://gre/modules/XULStore.jsm, line 66: Error: Can't find profile directory.
console.error: SearchCache: "_readCacheFile: Error reading cache file:" (new Error("", "(unknown module)"))
1602307619508	Marionette	INFO	Listening on port 59107
1602307619635	Marionette	WARN	TLS certificate errors will be ignored for this session
1602307746346	Marionette	INFO	Stopped listening on port 59107

###!!! [Child][RunMessage] Error: Channel closing: too late to send/recv, messages will be lost


###!!! [Child][MessageChannel::SendAndWait] Error: Channel error: cannot send/recv

1602307760762	geckodriver	INFO	Listening on 127.0.0.1:59166
1602307763802	mozrunner::runner	INFO	Running command: "C:\\Program Files\\Mozilla Firefox\\firefox.exe" "--marionette" "-foreground" "-no-remote" "-profile" "C:\\Users\\JOO~1\\AppData\\Local\\Temp\\rust_mozprofileZcmVRn"
JavaScript error: resource://gre/modules/XULStore.jsm, line 66: Error: Can't find profile directory.
console.error: SearchCache: "_readCacheFile: Error reading cache file:" (new Error("", "(unknown module)"))
1602307766845	Marionette	INFO	Listening on port 59175
1602307766975	Marionette	WARN	TLS certificate errors will be ignored for this session
1602307797106	Marionette	INFO	Stopped listening on port 59175

###!!! [Child][MessageChannel::SendAndWait] Error: Channel error: cannot send/recv

1602307801970	geckodriver	INFO	Listening on 127.0.0.1:59220
1602307805042	mozrunner::runner	INFO	Running command: "C:\\Program Files\\Mozilla Firefox\\firefox.exe" "--marionette" "-foreground" "-no-remote" "-profile" "C:\\Users\\JOO~1\\AppData\\Local\\Temp\\rust_mozprofilev0OA6h"
JavaScript error: resource://gre/modules/XULStore.jsm, line 66: Error: Can't find profile directory.
console.error: SearchCache: "_readCacheFile: Error reading cache file:" (new Error("", "(unknown module)"))
1602307808058	Marionette	INFO	Listening on port 59229
1602307808183	Marionette	WARN	TLS certificate errors will be ignored for this session
1602307978364	Marionette	INFO	Stopped listening on port 59229

###!!! [Child][RunMessage] Error: Channel closing: too late to send/recv, messages will be lost


###!!! [Child][MessageChannel::SendAndWait] Error: Channel error: cannot send/recv

1602308129781	geckodriver	INFO	Listening on 127.0.0.1:59308
1602308132853	mozrunner::runner	INFO	Running command: "C:\\Program Files\\Mozilla Firefox\\firefox.exe" "--marionette" "-foreground" "-no-remote" "-profile" "C:\\Users\\JOO~1\\AppData\\Local\\Temp\\rust_mozprofileUq58Oz"
JavaScript error: resource://gre/modules/XULStore.jsm, line 66: Error: Can't find profile directory.
console.error: SearchCache: "_readCacheFile: Error reading cache file:" (new Error("", "(unknown module)"))
1602308135954	Marionette	INFO	Listening on port 59317
1602308136004	Marionette	WARN	TLS certificate errors will be ignored for this session
1602308147978	Marionette	INFO	Stopped listening on port 59317

###!!! [Child][RunMessage] Error: Channel closing: too late to send/recv, messages will be lost


###!!! [Child][MessageChannel::SendAndWait] Error: Channel error: cannot send/recv

1602308553519	geckodriver	INFO	Listening on 127.0.0.1:59419
1602308556583	mozrunner::runner	INFO	Running command: "C:\\Program Files\\Mozilla Firefox\\firefox.exe" "--marionette" "-foreground" "-no-remote" "-profile" "C:\\Users\\JOO~1\\AppData\\Local\\Temp\\rust_mozprofile0Ez3ia"
JavaScript error: resource://gre/modules/XULStore.jsm, line 66: Error: Can't find profile directory.
console.error: SearchCache: "_readCacheFile: Error reading cache file:" (new Error("", "(unknown module)"))
1602308559660	Marionette	INFO	Listening on port 59427
1602308559770	Marionette	WARN	TLS certificate errors will be ignored for this session
1602309960027	Marionette	INFO	Stopped listening on port 59427

###!!! [Child][RunMessage] Error: Channel closing: too late to send/recv, messages will be lost


###!!! [Child][MessageChannel::SendAndWait] Error: Channel error: cannot send/recv

Temp\\rust_mozprofileVnZX8g"
JavaScript error: resource://gre/modules/XULStore.jsm, line 66: Error: Can't find profile directory.
console.error: SearchCache: "_readCacheFile: Error reading cache file:" (new Error("", "(unknown module)"))
1602308605314	Marionette	INFO	Listening on port 59484
1602308605361	Marionette	WARN	TLS certificate errors will be ignored for this session
1602308617176	Marionette	INFO	Stopped listening on port 59484

###!!! [Child][RunMessage] Error: Channel closing: too late to send/recv, messages will be lost

[Parent 8824, Gecko_IOThread] WARNING: pipe error: 232: file /builds/worker/checkouts/gecko/ipc/chromium/src/chrome/common/ipc_channel_win.cc, line 545
1602309269052	geckodriver	INFO	Listening on 127.0.0.1:59620
1602309272110	mozrunner::runner	INFO	Running command: "C:\\Program Files\\Mozilla Firefox\\firefox.exe" "--marionette" "-foreground" "-no-remote" "-profile" "C:\\Users\\JOO~1\\AppData\\Local\\Temp\\rust_mozprofileuFtEdu"
JavaScript error: resource://gre/modules/XULStore.jsm, line 66: Error: Can't find profile directory.
console.error: SearchCache: "_readCacheFile: Error reading cache file:" (new Error("", "(unknown module)"))
1602309275236	Marionette	INFO	Listening on port 59628
1602309275263	Marionette	WARN	TLS certificate errors will be ignored for this session
1602309295480	Marionette	INFO	Stopped listening on port 59628

###!!! [Child][RunMessage] Error: Channel closing: too late to send/recv, messages will be lost


###!!! [Child][MessageChannel::SendAndWait] Error: Channel error: cannot send/recv

1602309727760	geckodriver	INFO	Listening on 127.0.0.1:59716
1602309730795	mozrunner::runner	INFO	Running command: "C:\\Program Files\\Mozilla Firefox\\firefox.exe" "--marionette" "-foreground" "-no-remote" "-profile" "C:\\Users\\JOO~1\\AppData\\Local\\Temp\\rust_mozprofile2ESAuT"
JavaScript error: resource://gre/modules/XULStore.jsm, line 66: Error: Can't find profile directory.
console.error: SearchCache: "_readCacheFile: Error reading cache file:" (new Error("", "(unknown module)"))
1602309734028	Marionette	INFO	Listening on port 59724
1602309734448	Marionette	WARN	TLS certificate errors will be ignored for this session
1602309754972	Marionette	INFO	Stopped listening on port 59724

###!!! [Child][RunMessage] Error: Channel closing: too late to send/recv, messages will be lost


###!!! [Child][MessageChannel::SendAndWait] Error: Channel error: cannot send/recv

1602309789772	geckodriver	INFO	Listening on 127.0.0.1:59775
1602309792796	mozrunner::runner	INFO	Running command: "C:\\Program Files\\Mozilla Firefox\\firefox.exe" "--marionette" "-foreground" "-no-remote" "-profile" "C:\\Users\\JOO~1\\AppData\\Local\\Temp\\rust_mozprofilevideCL"
JavaScript error: resource://gre/modules/XULStore.jsm, line 66: Error: Can't find profile directory.
console.error: SearchCache: "_readCacheFile: Error reading cache file:" (new Error("", "(unknown module)"))
1602309795860	Marionette	INFO	Listening on port 59784
1602309795949	Marionette	WARN	TLS certificate errors will be ignored for this session
1602309815144	Marionette	INFO	Stopped listening on port 59784

###!!! [Child][RunMessage] Error: Channel closing: too late to send/recv, messages will be lost


###!!! [Child][MessageChannel::SendAndWait] Error: Channel error: cannot send/recv

1602309882458	geckodriver	INFO	Listening on 127.0.0.1:59834
1602309885498	mozrunner::runner	INFO	Running command: "C:\\Program Files\\Mozilla Firefox\\firefox.exe" "--marionette" "-foreground" "-no-remote" "-profile" "C:\\Users\\JOO~1\\AppData\\Local\\Temp\\rust_mozprofilezK2a5v"
JavaScript error: resource://gre/modules/XULStore.jsm, line 66: Error: Can't find profile directory.
console.error: SearchCache: "_readCacheFile: Error reading cache file:" (new Error("", "(unknown module)"))
1602309888769	Marionette	INFO	Listening on port 59842
1602309889199	Marionette	WARN	TLS certificate errors will be ignored for this session
1602309909775	Marionette	INFO	Stopped listening on port 59842

###!!! [Child][RunMessage] Error: Channel closing: too late to send/recv, messages will be lost


###!!! [Child][MessageChannel::SendAndWait] Error: Channel error: cannot send/recv

1602310427825	geckodriver	INFO	Listening on 127.0.0.1:59956
1602310430862	mozrunner::runner	INFO	Running command: "C:\\Program Files\\Mozilla Firefox\\firefox.exe" "--marionette" "-foreground" "-no-remote" "-profile" "C:\\Users\\JOO~1\\AppData\\Local\\Temp\\rust_mozprofilefJJmGu"
JavaScript error: resource://gre/modules/XULStore.jsm, line 66: Error: Can't find profile directory.
console.error: SearchCache: "_readCacheFile: Error reading cache file:" (new Error("", "(unknown module)"))
1602310434043	Marionette	INFO	Listening on port 59964
1602310434524	Marionette	WARN	TLS certificate errors will be ignored for this session
1602310454223	Marionette	INFO	Stopped listening on port 59964

###!!! [Child][RunMessage] Error: Channel closing: too late to send/recv, messages will be lost


###!!! [Child][MessageChannel::SendAndWait] Error: Channel error: cannot send/recv

1602310550223	geckodriver	INFO	Listening on 127.0.0.1:60027
1602310553276	mozrunner::runner	INFO	Running command: "C:\\Program Files\\Mozilla Firefox\\firefox.exe" "--marionette" "-foreground" "-no-remote" "-profile" "C:\\Users\\JOO~1\\AppData\\Local\\Temp\\rust_mozprofileFgOyg0"
JavaScript error: resource://gre/modules/XULStore.jsm, line 66: Error: Can't find profile directory.
console.error: SearchCache: "_readCacheFile: Error reading cache file:" (new Error("", "(unknown module)"))
1602310556872	Marionette	INFO	Listening on port 60035
1602310556936	Marionette	WARN	TLS certificate errors will be ignored for this session
[Child 220, Chrome_ChildThread] WARNING: pipe error: 232: file /builds/worker/checkouts/gecko/ipc/chromium/src/chrome/common/ipc_channel_win.cc, line 545
[Child 220, Chrome_ChildThread] WARNING: pipe error: 232: file /builds/worker/checkouts/gecko/ipc/chromium/src/chrome/common/ipc_channel_win.cc, line 545
1602311036106	Marionette	INFO	Stopped listening on port 60035

###!!! [Child][MessageChannel::SendAndWait] Error: Channel error: cannot send/recv

rror("", "(unknown module)"))
1602310624371	Marionette	INFO	Listening on port 60095
1602310624863	Marionette	WARN	TLS certificate errors will be ignored for this session
1602310644654	Marionette	INFO	Stopped listening on port 60095

###!!! [Child][RunMessage] Error: Channel closing: too late to send/recv, messages will be lost


###!!! [Child][MessageChannel::SendAndWait] Error: Channel error: cannot send/recv

1602310723676	geckodriver	INFO	Listening on 127.0.0.1:60159
1602310726732	mozrunner::runner	INFO	Running command: "C:\\Program Files\\Mozilla Firefox\\firefox.exe" "--marionette" "-foreground" "-no-remote" "-profile" "C:\\Users\\JOO~1\\AppData\\Local\\Temp\\rust_mozprofileXEAfmC"
JavaScript error: resource://gre/modules/XULStore.jsm, line 66: Error: Can't find profile directory.
console.error: SearchCache: "_readCacheFile: Error reading cache file:" (new Error("", "(unknown module)"))
1602310729943	Marionette	INFO	Listening on port 60168
1602310730387	Marionette	WARN	TLS certificate errors will be ignored for this session
1602310750500	Marionette	INFO	Stopped listening on port 60168

###!!! [Child][RunMessage] Error: Channel closing: too late to send/recv, messages will be lost

[Parent 8848, Gecko_IOThread] WARNING: pipe error: 232: file /builds/worker/checkouts/gecko/ipc/chromium/src/chrome/common/ipc_channel_win.cc, line 545
1602311341136	geckodriver	INFO	Listening on 127.0.0.1:60345
1602311344183	mozrunner::runner	INFO	Running command: "C:\\Program Files\\Mozilla Firefox\\firefox.exe" "--marionette" "-foreground" "-no-remote" "-profile" "C:\\Users\\JOO~1\\AppData\\Local\\Temp\\rust_mozprofileMgMPyF"
JavaScript error: resource://gre/modules/XULStore.jsm, line 66: Error: Can't find profile directory.
console.error: SearchCache: "_readCacheFile: Error reading cache file:" (new Error("", "(unknown module)"))
1602311347606	Marionette	INFO	Listening on port 60353
1602311347808	Marionette	WARN	TLS certificate errors will be ignored for this session
1602311378558	Marionette	INFO	Stopped listening on port 60353

###!!! [Child][RunMessage] Error: Channel closing: too late to send/recv, messages will be lost


###!!! [Child][MessageChannel::SendAndWait] Error: Channel error: cannot send/recv

1602311389835	geckodriver	INFO	Listening on 127.0.0.1:60396
1602311392905	mozrunner::runner	INFO	Running command: "C:\\Program Files\\Mozilla Firefox\\firefox.exe" "--marionette" "-foreground" "-no-remote" "-profile" "C:\\Users\\JOO~1\\AppData\\Local\\Temp\\rust_mozprofileDswUuL"
JavaScript error: resource://gre/modules/XULStore.jsm, line 66: Error: Can't find profile directory.
console.error: SearchCache: "_readCacheFile: Error reading cache file:" (new Error("", "(unknown module)"))
1602311396003	Marionette	INFO	Listening on port 60404
1602311396052	Marionette	WARN	TLS certificate errors will be ignored for this session
1602311427829	Marionette	INFO	Stopped listening on port 60404

###!!! [Child][RunMessage] Error: Channel closing: too late to send/recv, messages will be lost

[Parent 1100, Gecko_IOThread] WARNING: pipe error: 232: file /builds/worker/checkouts/gecko/ipc/chromium/src/chrome/common/ipc_channel_win.cc, line 545
1602384775556	geckodriver	INFO	Listening on 127.0.0.1:61626
1602384778790	mozrunner::runner	INFO	Running command: "C:\\Program Files\\Mozilla Firefox\\firefox.exe" "--marionette" "-foreground" "-no-remote" "-profile" "C:\\Users\\JOO~1\\AppData\\Local\\Temp\\rust_mozprofileAwbgjX"
JavaScript error: resource://gre/modules/XULStore.jsm, line 66: Error: Can't find profile directory.
console.error: SearchCache: "_readCacheFile: Error reading cache file:" (new Error("", "(unknown module)"))
1602384782920	Marionette	INFO	Listening on port 61635
1602384782992	Marionette	WARN	TLS certificate errors will be ignored for this session
JavaScript error: resource://gre/modules/URIFixup.jsm, line 271: NS_ERROR_FAILURE: Should pass a non-null uri
1602385889360	Marionette	INFO	Stopped listening on port 61635

###!!! [Child][RunMessage] Error: Channel closing: too late to send/recv, messages will be lost

1602385952056	geckodriver	INFO	Listening on 127.0.0.1:62320
1602385955091	mozrunner::runner	INFO	Running command: "C:\\Program Files\\Mozilla Firefox\\firefox.exe" "--marionette" "-foreground" "-no-remote" "-profile" "C:\\Users\\JOO~1\\AppData\\Local\\Temp\\rust_mozprofilenJyrTf"
JavaScript error: resource://gre/modules/XULStore.jsm, line 66: Error: Can't find profile directory.
console.error: SearchCache: "_readCacheFile: Error reading cache file:" (new Error("", "(unknown module)"))
1602385958196	Marionette	INFO	Listening on port 62329
1602385958212	Marionette	WARN	TLS certificate errors will be ignored for this session
JavaScript error: resource://gre/modules/URIFixup.jsm, line 271: NS_ERROR_FAILURE: Should pass a non-null uri
1602387880406	Marionette	INFO	Stopped listening on port 62329

###!!! [Child][RunMessage] Error: Channel closing: too late to send/recv, messages will be lost


###!!! [Child][MessageChannel::SendAndWait] Error: Channel error: cannot send/recv

1602387889832	geckodriver	INFO	Listening on 127.0.0.1:63322
1602387892892	mozrunner::runner	INFO	Running command: "C:\\Program Files\\Mozilla Firefox\\firefox.exe" "--marionette" "-foreground" "-no-remote" "-profile" "C:\\Users\\JOO~1\\AppData\\Local\\Temp\\rust_mozprofileThBZpl"
JavaScript error: resource://gre/modules/XULStore.jsm, line 66: Error: Can't find profile directory.
console.error: SearchCache: "_readCacheFile: Error reading cache file:" (new Error("", "(unknown module)"))
1602387896065	Marionette	INFO	Listening on port 63332
1602387896511	Marionette	WARN	TLS certificate errors will be ignored for this session
1602387923733	Marionette	INFO	Stopped listening on port 63332

###!!! [Child][RunMessage] Error: Channel closing: too late to send/recv, messages will be lost


###!!! [Child][MessageChannel::SendAndWait] Error: Channel error: cannot send/recv

1602387930903	geckodriver	INFO	Listening on 127.0.0.1:63400
1602387933949	mozrunner::runner	INFO	Running command: "C:\\Program Files\\Mozilla Firefox\\firefox.exe" "--marionette" "-foreground" "-no-remote" "-profile" "C:\\Users\\JOO~1\\AppData\\Local\\Temp\\rust_mozprofileXxFtSX"
JavaScript error: resource://gre/modules/XULStore.jsm, line 66: Error: Can't find profile directory.
console.error: SearchCache: "_readCacheFile: Error reading cache file:" (new Error("", "(unknown module)"))
1602387937084	Marionette	INFO	Listening on port 63409
1602387937580	Marionette	WARN	TLS certificate errors will be ignored for this session
1602388092345	Marionette	INFO	Stopped listening on port 63409

###!!! [Child][RunMessage] Error: Channel closing: too late to send/recv, messages will be lost


###!!! [Child][MessageChannel::SendAndWait] Error: Channel error: cannot send/recv

Temp\\rust_mozprofile9sHc5i"
JavaScript error: resource://gre/modules/XULStore.jsm, line 66: Error: Can't find profile directory.
console.error: SearchCache: "_readCacheFile: Error reading cache file:" (new Error("", "(unknown module)"))
1602388038546	Marionette	INFO	Listening on port 63519
1602388038583	Marionette	WARN	TLS certificate errors will be ignored for this session
1602388091581	Marionette	INFO	Stopped listening on port 63519

###!!! [Child][RunMessage] Error: Channel closing: too late to send/recv, messages will be lost


###!!! [Child][MessageChannel::SendAndWait] Error: Channel error: cannot send/recv

1602388098810	geckodriver	INFO	Listening on 127.0.0.1:63591
1602388101840	mozrunner::runner	INFO	Running command: "C:\\Program Files\\Mozilla Firefox\\firefox.exe" "--marionette" "-foreground" "-no-remote" "-profile" "C:\\Users\\JOO~1\\AppData\\Local\\Temp\\rust_mozprofilePAz3K0"
JavaScript error: resource://gre/modules/XULStore.jsm, line 66: Error: Can't find profile directory.
console.error: SearchCache: "_readCacheFile: Error reading cache file:" (new Error("", "(unknown module)"))
1602388104969	Marionette	INFO	Listening on port 63599
1602388105458	Marionette	WARN	TLS certificate errors will be ignored for this session
1602388154272	Marionette	INFO	Stopped listening on port 63599

###!!! [Child][RunMessage] Error: Channel closing: too late to send/recv, messages will be lost


###!!! [Child][MessageChannel::SendAndWait] Error: Channel error: cannot send/recv

1602388272988	geckodriver	INFO	Listening on 127.0.0.1:63706
1602388276028	mozrunner::runner	INFO	Running command: "C:\\Program Files\\Mozilla Firefox\\firefox.exe" "--marionette" "-foreground" "-no-remote" "-profile" "C:\\Users\\JOO~1\\AppData\\Local\\Temp\\rust_mozprofileCoUHVA"
JavaScript error: resource://gre/modules/XULStore.jsm, line 66: Error: Can't find profile directory.
console.error: SearchCache: "_readCacheFile: Error reading cache file:" (new Error("", "(unknown module)"))
1602388279023	Marionette	INFO	Listening on port 63715
1602388279151	Marionette	WARN	TLS certificate errors will be ignored for this session
1602388328006	Marionette	INFO	Stopped listening on port 63715

###!!! [Child][RunMessage] Error: Channel closing: too late to send/recv, messages will be lost


###!!! [Child][MessageChannel::SendAndWait] Error: Channel error: cannot send/recv

1602389783773	geckodriver	INFO	Listening on 127.0.0.1:64608
1602389786837	mozrunner::runner	INFO	Running command: "C:\\Program Files\\Mozilla Firefox\\firefox.exe" "--marionette" "-foreground" "-no-remote" "-profile" "C:\\Users\\JOO~1\\AppData\\Local\\Temp\\rust_mozprofileMZnrxw"
JavaScript error: resource://gre/modules/XULStore.jsm, line 66: Error: Can't find profile directory.
console.error: SearchCache: "_readCacheFile: Error reading cache file:" (new Error("", "(unknown module)"))
1602389793713	Marionette	INFO	Listening on port 64643
1602389794132	Marionette	WARN	TLS certificate errors will be ignored for this session
1602389843222	Marionette	INFO	Stopped listening on port 64643

###!!! [Child][RunMessage] Error: Channel closing: too late to send/recv, messages will be lost


###!!! [Child][MessageChannel::SendAndWait] Error: Channel error: cannot send/recv

1602389932295	geckodriver	INFO	Listening on 127.0.0.1:64724
1602389935387	mozrunner::runner	INFO	Running command: "C:\\Program Files\\Mozilla Firefox\\firefox.exe" "--marionette" "-foreground" "-no-remote" "-profile" "C:\\Users\\JOO~1\\AppData\\Local\\Temp\\rust_mozprofilekj1taM"
JavaScript error: resource://gre/modules/XULStore.jsm, line 66: Error: Can't find profile directory.
console.error: SearchCache: "_readCacheFile: Error reading cache file:" (new Error("", "(unknown module)"))
1602389938434	Marionette	INFO	Listening on port 64732
1602389938539	Marionette	WARN	TLS certificate errors will be ignored for this session
1602389988512	Marionette	INFO	Stopped listening on port 64732

###!!! [Child][RunMessage] Error: Channel closing: too late to send/recv, messages will be lost


###!!! [Child][MessageChannel::SendAndWait] Error: Channel error: cannot send/recv

1602390075731	geckodriver	INFO	Listening on 127.0.0.1:64794
1602390078785	mozrunner::runner	INFO	Running command: "C:\\Program Files\\Mozilla Firefox\\firefox.exe" "--marionette" "-foreground" "-no-remote" "-profile" "C:\\Users\\JOO~1\\AppData\\Local\\Temp\\rust_mozprofilei2hkfM"
JavaScript error: resource://gre/modules/XULStore.jsm, line 66: Error: Can't find profile directory.
console.error: SearchCache: "_readCacheFile: Error reading cache file:" (new Error("", "(unknown module)"))
1602390082949	Marionette	INFO	Listening on port 64802
1602390083079	Marionette	WARN	TLS certificate errors will be ignored for this session
JavaScript error: resource://gre/modules/URIFixup.jsm, line 271: NS_ERROR_FAILURE: Should pass a non-null uri
1602390132700	Marionette	INFO	Stopped listening on port 64802

###!!! [Child][RunMessage] Error: Channel closing: too late to send/recv, messages will be lost


###!!! [Child][MessageChannel::SendAndWait] Error: Channel error: cannot send/recv

1602390729622	geckodriver	INFO	Listening on 127.0.0.1:64931
1602390732742	mozrunner::runner	INFO	Running command: "C:\\Program Files\\Mozilla Firefox\\firefox.exe" "--marionette" "-foreground" "-no-remote" "-profile" "C:\\Users\\JOO~1\\AppData\\Local\\Temp\\rust_mozprofileTmF91P"
JavaScript error: resource://gre/modules/XULStore.jsm, line 66: Error: Can't find profile directory.
console.error: SearchCache: "_readCacheFile: Error reading cache file:" (new Error("", "(unknown module)"))
1602390735920	Marionette	INFO	Listening on port 64940
1602390736415	Marionette	WARN	TLS certificate errors will be ignored for this session
JavaScript error: resource://gre/modules/URIFixup.jsm, line 271: NS_ERROR_FAILURE: Should pass a non-null uri
1602390787947	Marionette	INFO	Stopped listening on port 64940

###!!! [Child][RunMessage] Error: Channel closing: too late to send/recv, messages will be lost


###!!! [Child][MessageChannel::SendAndWait] Error: Channel error: cannot send/recv

1602390848508	geckodriver	INFO	Listening on 127.0.0.1:65008
1602390851630	mozrunner::runner	INFO	Running command: "C:\\Program Files\\Mozilla Firefox\\firefox.exe" "--marionette" "-foreground" "-no-remote" "-profile" "C:\\Users\\JOO~1\\AppData\\Local\\Temp\\rust_mozprofilehKIgsl"
JavaScript error: resource://gre/modules/XULStore.jsm, line 66: Error: Can't find profile directory.
console.error: SearchCache: "_readCacheFile: Error reading cache file:" (new Error("", "(unknown module)"))
1602390854958	Marionette	INFO	Listening on port 65017
1602390855362	Marionette	WARN	TLS certificate errors will be ignored for this session
1602390869428	Marionette	INFO	Stopped listening on port 65017

###!!! [Child][RunMessage] Error: Channel closing: too late to send/recv, messages will be lost


###!!! [Child][MessageChannel::SendAndWait] Error: Channel error: cannot send/recv

1602390950547	geckodriver	INFO	Listening on 127.0.0.1:65075
1602390953589	mozrunner::runner	INFO	Running command: "C:\\Program Files\\Mozilla Firefox\\firefox.exe" "--marionette" "-foreground" "-no-remote" "-profile" "C:\\Users\\JOO~1\\AppData\\Local\\Temp\\rust_mozprofilejW4Zho"
JavaScript error: resource://gre/modules/XULStore.jsm, line 66: Error: Can't find profile directory.
console.error: SearchCache: "_readCacheFile: Error reading cache file:" (new Error("", "(unknown module)"))
1602390956819	Marionette	INFO	Listening on port 65083
1602390957262	Marionette	WARN	TLS certificate errors will be ignored for this session
1602390971084	Marionette	INFO	Stopped listening on port 65083

###!!! [Child][RunMessage] Error: Channel closing: too late to send/recv, messages will be lost


###!!! [Child][MessageChannel::SendAndWait] Error: Channel error: cannot send/recv

1602391062270	geckodriver	INFO	Listening on 127.0.0.1:65139
1602391065358	mozrunner::runner	INFO	Running command: "C:\\Program Files\\Mozilla Firefox\\firefox.exe" "--marionette" "-foreground" "-no-remote" "-profile" "C:\\Users\\JOO~1\\AppData\\Local\\Temp\\rust_mozprofilehCXkGv"
JavaScript error: resource://gre/modules/XULStore.jsm, line 66: Error: Can't find profile directory.
console.error: SearchCache: "_readCacheFile: Error reading cache file:" (new Error("", "(unknown module)"))
1602391068366	Marionette	INFO	Listening on port 65147
1602391068512	Marionette	WARN	TLS certificate errors will be ignored for this session
1602391082213	Marionette	INFO	Stopped listening on port 65147

###!!! [Child][RunMessage] Error: Channel closing: too late to send/recv, messages will be lost


###!!! [Child][MessageChannel::SendAndWait] Error: Channel error: cannot send/recv

1602391629643	geckodriver	INFO	Listening on 127.0.0.1:65246
1602391633291	mozrunner::runner	INFO	Running command: "C:\\Program Files\\Mozilla Firefox\\firefox.exe" "--marionette" "-foreground" "-no-remote" "-profile" "C:\\Users\\JOO~1\\AppData\\Local\\Temp\\rust_mozprofileWz733p"
JavaScript error: resource://gre/modules/XULStore.jsm, line 66: Error: Can't find profile directory.
console.error: SearchCache: "_readCacheFile: Error reading cache file:" (new Error("", "(unknown module)"))
1602391636483	Marionette	INFO	Listening on port 65254
1602391636984	Marionette	WARN	TLS certificate errors will be ignored for this session
1602391650989	Marionette	INFO	Stopped listening on port 65254

###!!! [Child][RunMessage] Error: Channel closing: too late to send/recv, messages will be lost


###!!! [Child][MessageChannel::SendAndWait] Error: Channel error: cannot send/recv

1602391771542	geckodriver	INFO	Listening on 127.0.0.1:65315
1602391774589	mozrunner::runner	INFO	Running command: "C:\\Program Files\\Mozilla Firefox\\firefox.exe" "--marionette" "-foreground" "-no-remote" "-profile" "C:\\Users\\JOO~1\\AppData\\Local\\Temp\\rust_mozprofileNTR5ZI"
JavaScript error: resource://gre/modules/XULStore.jsm, line 66: Error: Can't find profile directory.
console.error: SearchCache: "_readCacheFile: Error reading cache file:" (new Error("", "(unknown module)"))
1602391777893	Marionette	INFO	Listening on port 65323
1602391778229	Marionette	WARN	TLS certificate errors will be ignored for this session
1602391829742	Marionette	INFO	Stopped listening on port 65323

###!!! [Child][RunMessage] Error: Channel closing: too late to send/recv, messages will be lost


###!!! [Child][MessageChannel::SendAndWait] Error: Channel error: cannot send/recv

1602393635081	geckodriver	INFO	Listening on 127.0.0.1:49298
1602393638115	mozrunner::runner	INFO	Running command: "C:\\Program Files\\Mozilla Firefox\\firefox.exe" "--marionette" "-foreground" "-no-remote" "-profile" "C:\\Users\\JOO~1\\AppData\\Local\\Temp\\rust_mozprofileco8xzx"
JavaScript error: resource://gre/modules/XULStore.jsm, line 66: Error: Can't find profile directory.
console.error: SearchCache: "_readCacheFile: Error reading cache file:" (new Error("", "(unknown module)"))
1602393641547	Marionette	INFO	Listening on port 49306
1602393641790	Marionette	WARN	TLS certificate errors will be ignored for this session
1602393692435	Marionette	INFO	Stopped listening on port 49306

###!!! [Child][RunMessage] Error: Channel closing: too late to send/recv, messages will be lost

[Parent 3488, Gecko_IOThread] WARNING: pipe error: 232: file /builds/worker/checkouts/gecko/ipc/chromium/src/chrome/common/ipc_channel_win.cc, line 545
1602393843189	geckodriver	INFO	Listening on 127.0.0.1:49374
1602393846227	mozrunner::runner	INFO	Running command: "C:\\Program Files\\Mozilla Firefox\\firefox.exe" "--marionette" "-foreground" "-no-remote" "-profile" "C:\\Users\\JOO~1\\AppData\\Local\\Temp\\rust_mozprofileEqj4Rp"
JavaScript error: resource://gre/modules/XULStore.jsm, line 66: Error: Can't find profile directory.
console.error: SearchCache: "_readCacheFile: Error reading cache file:" (new Error("", "(unknown module)"))
1602393849544	Marionette	INFO	Listening on port 49382
1602393849906	Marionette	WARN	TLS certificate errors will be ignored for this session
1602393900935	Marionette	INFO	Stopped listening on port 49382

###!!! [Child][RunMessage] Error: Channel closing: too late to send/recv, messages will be lost


###!!! [Child][MessageChannel::SendAndWait] Error: Channel error: cannot send/recv

1602394250173	geckodriver	INFO	Listening on 127.0.0.1:49482
1602394253222	mozrunner::runner	INFO	Running command: "C:\\Program Files\\Mozilla Firefox\\firefox.exe" "--marionette" "-foreground" "-no-remote" "-profile" "C:\\Users\\JOO~1\\AppData\\Local\\Temp\\rust_mozprofileurUHvA"
JavaScript error: resource://gre/modules/XULStore.jsm, line 66: Error: Can't find profile directory.
console.error: SearchCache: "_readCacheFile: Error reading cache file:" (new Error("", "(unknown module)"))
1602394256654	Marionette	INFO	Listening on port 49490
1602394256893	Marionette	WARN	TLS certificate errors will be ignored for this session
1602394308109	Marionette	INFO	Stopped listening on port 49490

###!!! [Child][RunMessage] Error: Channel closing: too late to send/recv, messages will be lost


###!!! [Child][MessageChannel::SendAndWait] Error: Channel error: cannot send/recv

1602394541303	geckodriver	INFO	Listening on 127.0.0.1:49569
1602394544415	mozrunner::runner	INFO	Running command: "C:\\Program Files\\Mozilla Firefox\\firefox.exe" "--marionette" "-foreground" "-no-remote" "-profile" "C:\\Users\\JOO~1\\AppData\\Local\\Temp\\rust_mozprofileuPVON7"
JavaScript error: resource://gre/modules/XULStore.jsm, line 66: Error: Can't find profile directory.
console.error: SearchCache: "_readCacheFile: Error reading cache file:" (new Error("", "(unknown module)"))
1602394547764	Marionette	INFO	Listening on port 49577
1602394548109	Marionette	WARN	TLS certificate errors will be ignored for this session
1602394598673	Marionette	INFO	Stopped listening on port 49577

###!!! [Child][RunMessage] Error: Channel closing: too late to send/recv, messages will be lost


###!!! [Child][MessageChannel::SendAndWait] Error: Channel error: cannot send/recv

1602394972848	geckodriver	INFO	Listening on 127.0.0.1:49753
1602394975931	mozrunner::runner	INFO	Running command: "C:\\Program Files\\Mozilla Firefox\\firefox.exe" "--marionette" "-foreground" "-no-remote" "-profile" "C:\\Users\\JOO~1\\AppData\\Local\\Temp\\rust_mozprofilem2WNyp"
JavaScript error: resource://gre/modules/XULStore.jsm, line 66: Error: Can't find profile directory.
console.error: SearchCache: "_readCacheFile: Error reading cache file:" (new Error("", "(unknown module)"))
1602394979687	Marionette	INFO	Listening on port 49763
1602394980125	Marionette	WARN	TLS certificate errors will be ignored for this session
console.error: "Error while calling actor 'layout's method 'getGrids'" "node is null"
console.error: "getGrids@resource://devtools/server/actors/layout.js:502:26\ngetGrids@resource://devtools/server/actors/layout.js:507:43\nhandler@resource://devtools/shared/protocol/Actor.js:166:37\nonPacket@resource://devtools/server/devtools-server-connection.js:379:58\nreceiveMessage@resource://devtools/shared/transport/child-transport.js:66:16\n"
1602395045388	Marionette	INFO	Stopped listening on port 49763

###!!! [Child][RunMessage] Error: Channel closing: too late to send/recv, messages will be lost

[Parent 9736, Gecko_IOThread] WARNING: pipe error: 232: file /builds/worker/checkouts/gecko/ipc/chromium/src/chrome/common/ipc_channel_win.cc, line 545
1602447219017	geckodriver	INFO	Listening on 127.0.0.1:52429
1602447222209	mozrunner::runner	INFO	Running command: "C:\\Program Files\\Mozilla Firefox\\firefox.exe" "--marionette" "-foreground" "-no-remote" "-profile" "C:\\Users\\JOO~1\\AppData\\Local\\Temp\\rust_mozprofileodnDUX"
JavaScript error: resource://gre/modules/XULStore.jsm, line 66: Error: Can't find profile directory.
console.error: SearchCache: "_readCacheFile: Error reading cache file:" (new Error("", "(unknown module)"))
1602447226576	Marionette	INFO	Listening on port 52438
1602447226990	Marionette	WARN	TLS certificate errors will be ignored for this session
1602447695745	Marionette	INFO	Stopped listening on port 52438

###!!! [Child][RunMessage] Error: Channel closing: too late to send/recv, messages will be lost


###!!! [Child][MessageChannel::SendAndWait] Error: Channel error: cannot send/recv

1602447720357	geckodriver	INFO	Listening on 127.0.0.1:52546
1602447723402	mozrunner::runner	INFO	Running command: "C:\\Program Files\\Mozilla Firefox\\firefox.exe" "--marionette" "-foreground" "-no-remote" "-profile" "C:\\Users\\JOO~1\\AppData\\Local\\Temp\\rust_mozprofile2nqI7d"
JavaScript error: resource://gre/modules/XULStore.jsm, line 66: Error: Can't find profile directory.
console.error: SearchCache: "_readCacheFile: Error reading cache file:" (new Error("", "(unknown module)"))
1602447726493	Marionette	INFO	Listening on port 52554
1602447726621	Marionette	WARN	TLS certificate errors will be ignored for this session
1602447794262	Marionette	INFO	Stopped listening on port 52554

###!!! [Child][RunMessage] Error: Channel closing: too late to send/recv, messages will be lost

[Parent 9364, Gecko_IOThread] WARNING: pipe error: 232: file /builds/worker/checkouts/gecko/ipc/chromium/src/chrome/common/ipc_channel_win.cc, line 545
1602448093912	geckodriver	INFO	Listening on 127.0.0.1:52689
1602448096931	mozrunner::runner	INFO	Running command: "C:\\Program Files\\Mozilla Firefox\\firefox.exe" "--marionette" "-foreground" "-no-remote" "-profile" "C:\\Users\\JOO~1\\AppData\\Local\\Temp\\rust_mozprofilertbJyB"
JavaScript error: resource://gre/modules/XULStore.jsm, line 66: Error: Can't find profile directory.
console.error: SearchCache: "_readCacheFile: Error reading cache file:" (new Error("", "(unknown module)"))
1602448101098	Marionette	INFO	Listening on port 52697
1602448101197	Marionette	WARN	TLS certificate errors will be ignored for this session
1602448476490	Marionette	INFO	Stopped listening on port 52697

###!!! [Child][RunMessage] Error: Channel closing: too late to send/recv, messages will be lost


###!!! [Child][MessageChannel::SendAndWait] Error: Channel error: cannot send/recv

Temp\\rust_mozprofileh9vGUz"
JavaScript error: resource://gre/modules/XULStore.jsm, line 66: Error: Can't find profile directory.
console.error: SearchCache: "_readCacheFile: Error reading cache file:" (new Error("", "(unknown module)"))
1602448176929	Marionette	INFO	Listening on port 52760
1602448177018	Marionette	WARN	TLS certificate errors will be ignored for this session
[Child 11452, Chrome_ChildThread] WARNING: pipe error: 232: file /builds/worker/checkouts/gecko/ipc/chromium/src/chrome/common/ipc_channel_win.cc, line 545
1602448277390	Marionette	INFO	Stopped listening on port 52760

###!!! [Child][RunMessage] Error: Channel closing: too late to send/recv, messages will be lost


###!!! [Child][MessageChannel::SendAndWait] Error: Channel error: cannot send/recv

1602448297966	geckodriver	INFO	Listening on 127.0.0.1:52816
1602448301017	mozrunner::runner	INFO	Running command: "C:\\Program Files\\Mozilla Firefox\\firefox.exe" "--marionette" "-foreground" "-no-remote" "-profile" "C:\\Users\\JOO~1\\AppData\\Local\\Temp\\rust_mozprofilehPC0FS"
JavaScript error: resource://gre/modules/XULStore.jsm, line 66: Error: Can't find profile directory.
console.error: SearchCache: "_readCacheFile: Error reading cache file:" (new Error("", "(unknown module)"))
1602448305071	Marionette	INFO	Listening on port 52824
1602448305180	Marionette	WARN	TLS certificate errors will be ignored for this session

###!!! [Child][MessageChannel] Error: (msgtype=0x6A0029,name=PNecko::Msg_RemoveRequestContext) Channel closing: too late to send/recv, messages will be lost

1602448370503	Marionette	INFO	Stopped listening on port 52824

###!!! [Child][RunMessage] Error: Channel closing: tooJavaScript error: resource://gre/modules/XULStore.jsm, line 66: Error: Can't find profile directory.
console.error: SearchCache: "_readCacheFile: Error reading cache file:" (new Error("", "(unknown module)"))
1602448373454	Marionette	INFO	Listening on port 52885
1602448373935	Marionette	WARN	TLS certificate errors will be ignored for this session
1602448475286	Marionette	INFO	Stopped listening on port 52885

###!!! [Child][MessageChannel::SendAndWait] Error: Channel error: cannot send/recv

firefox.exe" "--marionette" "-foreground" "-no-remote" "-profile" "C:\\Users\\JOO~1\\AppData\\Local\\Temp\\rust_mozprofileawDoK6"
JavaScript error: resource://gre/modules/XULStore.jsm, line 66: Error: Can't find profile directory.
console.error: SearchCache: "_readCacheFile: Error reading cache file:" (new Error("", "(unknown module)"))
1602448478320	Marionette	INFO	Listening on port 52952
1602448478522	Marionette	WARN	TLS certificate errors will be ignored for this session
JavaScript error: resource://gre/modules/URIFixup.jsm, line 271: NS_ERROR_FAILURE: Should pass a non-null uri

###!!! [Child][RunMessage] Error: Channel closing: too late to send/recv, messages will be lost

1602448566631	Marionette	INFO	Stopped listening on port 52952

###!!! [Child][RunMessage] Error: Channel closing: too late to send/recv, messages will be lost

1602448582833	geckodriver	INFO	Listening on 127.0.0.1:53016
1602448585867	mozrunner::runner	INFO	Running command: "C:\\Program Files\\Mozilla Firefox\\firefox.exe" "--marionette" "-foreground" "-no-remote" "-profile" "C:\\Users\\JOO~1\\AppData\\Local\\Temp\\rust_mozprofileIrcDs6"
JavaScript error: resource://gre/modules/XULStore.jsm, line 66: Error: Can't find profile directory.
console.error: SearchCache: "_readCacheFile: Error reading cache file:" (new Error("", "(unknown module)"))
1602448590009	Marionette	INFO	Listening on port 53025
1602448590029	Marionette	WARN	TLS certificate errors will be ignored for this session
1602448713588	Marionette	INFO	Stopped listening on port 53025

###!!! [Child][RunMessage] Error: Channel closing: too late to send/recv, messages will be lost

1602448732295	geckodriver	INFO	Listening on 127.0.0.1:53083
1602448735356	mozrunner::runner	INFO	Running command: "C:\\Program Files\\Mozilla Firefox\\firefox.exe" "--marionette" "-foreground" "-no-remote" "-profile" "C:\\Users\\JOO~1\\AppData\\Local\\Temp\\rust_mozprofileQZV1wg"
JavaScript error: resource://gre/modules/XULStore.jsm, line 66: Error: Can't find profile directory.
console.error: SearchCache: "_readCacheFile: Error reading cache file:" (new Error("", "(unknown module)"))
1602448740159	Marionette	INFO	Listening on port 53091
1602448740663	Marionette	WARN	TLS certificate errors will be ignored for this session
1602448860973	Marionette	INFO	Stopped listening on port 53091

###!!! [Child][RunMessage] Error: Channel closing: too late to send/recv, messages will be lost

1602448869792	geckodriver	INFO	Listening on 127.0.0.1:53157
1602448872833	mozrunner::runner	INFO	Running command: "C:\\Program Files\\Mozilla Firefox\\firefox.exe" "--marionette" "-foreground" "-no-remote" "-profile" "C:\\Users\\JOO~1\\AppData\\Local\\Temp\\rust_mozprofileJs9bu2"
JavaScript error: resource://gre/modules/XULStore.jsm, line 66: Error: Can't find profile directory.
console.error: SearchCache: "_readCacheFile: Error reading cache file:" (new Error("", "(unknown module)"))
1602448876158	Marionette	INFO	Listening on port 53165
1602448876536	Marionette	WARN	TLS certificate errors will be ignored for this session
1602448890168	Marionette	INFO	Stopped listening on port 53165

###!!! [Child][RunMessage] Error: Channel closing: too late to send/recv, messages will be lost


###!!! [Child][MessageChannel::SendAndWait] Error: Channel error: cannot send/recv

1602448976078	geckodriver	INFO	Listening on 127.0.0.1:53222
1602448979131	mozrunner::runner	INFO	Running command: "C:\\Program Files\\Mozilla Firefox\\firefox.exe" "--marionette" "-foreground" "-no-remote" "-profile" "C:\\Users\\JOO~1\\AppData\\Local\\Temp\\rust_mozprofileCghhT7"
JavaScript error: resource://gre/modules/XULStore.jsm, line 66: Error: Can't find profile directory.
console.error: SearchCache: "_readCacheFile: Error reading cache file:" (new Error("", "(unknown module)"))
1602448982474	Marionette	INFO	Listening on port 53230
1602448982846	Marionette	WARN	TLS certificate errors will be ignored for this session
JavaScript error: resource://gre/modules/URIFixup.jsm, line 271: NS_ERROR_FAILURE: Should pass a non-null uri
1602449033788	Marionette	INFO	Stopped listening on port 53230

###!!! [Child][RunMessage] Error: Channel closing: too late to send/recv, messages will be lost


###!!! [Child][MessageChannel::SendAndWait] Error: Channel error: cannot send/recv

1602449160642	geckodriver	INFO	Listening on 127.0.0.1:53291
1602449163671	mozrunner::runner	INFO	Running command: "C:\\Program Files\\Mozilla Firefox\\firefox.exe" "--marionette" "-foreground" "-no-remote" "-profile" "C:\\Users\\JOO~1\\AppData\\Local\\Temp\\rust_mozprofileaZI5IU"
JavaScript error: resource://gre/modules/XULStore.jsm, line 66: Error: Can't find profile directory.
console.error: SearchCache: "_readCacheFile: Error reading cache file:" (new Error("", "(unknown module)"))
1602449167189	Marionette	INFO	Listening on port 53299
1602449167385	Marionette	WARN	TLS certificate errors will be ignored for this session
1602449218273	Marionette	INFO	Stopped listening on port 53299

###!!! [Child][RunMessage] Error: Channel closing: too late to send/recv, messages will be lost

[Parent 6368, Gecko_IOThread] WARNING: pipe error: 232: file /builds/worker/checkouts/gecko/ipc/chromium/src/chrome/common/ipc_channel_win.cc, line 545
1602449265597	geckodriver	INFO	Listening on 127.0.0.1:53356
1602449268657	mozrunner::runner	INFO	Running command: "C:\\Program Files\\Mozilla Firefox\\firefox.exe" "--marionette" "-foreground" "-no-remote" "-profile" "C:\\Users\\JOO~1\\AppData\\Local\\Temp\\rust_mozprofileoUYdsB"
JavaScript error: resource://gre/modules/XULStore.jsm, line 66: Error: Can't find profile directory.
console.error: SearchCache: "_readCacheFile: Error reading cache file:" (new Error("", "(unknown module)"))
1602449271901	Marionette	INFO	Listening on port 53364
1602449272340	Marionette	WARN	TLS certificate errors will be ignored for this session
1602449323145	Marionette	INFO	Stopped listening on port 53364

###!!! [Child][RunMessage] Error: Channel closing: too late to send/recv, messages will be lost


###!!! [Child][MessageChannel::SendAndWait] Error: Channel error: cannot send/recv

1602449416413	geckodriver	INFO	Listening on 127.0.0.1:53421
1602449419479	mozrunner::runner	INFO	Running command: "C:\\Program Files\\Mozilla Firefox\\firefox.exe" "--marionette" "-foreground" "-no-remote" "-profile" "C:\\Users\\JOO~1\\AppData\\Local\\Temp\\rust_mozprofileP1XSz9"
JavaScript error: resource://gre/modules/XULStore.jsm, line 66: Error: Can't find profile directory.
console.error: SearchCache: "_readCacheFile: Error reading cache file:" (new Error("", "(unknown module)"))
1602449422781	Marionette	INFO	Listening on port 53429
1602449423160	Marionette	WARN	TLS certificate errors will be ignored for this session
1602449473992	Marionette	INFO	Stopped listening on port 53429

###!!! [Child][RunMessage] Error: Channel closing: too late to send/recv, messages will be lost


###!!! [Child][MessageChannel::SendAndWait] Error: Channel error: cannot send/recv

